This is pdfTeX, Version 3.1415926-2.5-1.40.14 (MiKTeX 2.9) (preloaded format=pdflatex 2015.3.1)  14 MAR 2015 17:43
entering extended mode
**main.tex
(C:\Users\jd537\Documents\Thesis\test-repo\main.tex
LaTeX2e <2011/06/27>
Babel <v3.8m> and hyphenation patterns for english, afrikaans, ancientgreek, ar
abic, armenian, assamese, basque, bengali, bokmal, bulgarian, catalan, coptic, 
croatian, czech, danish, dutch, esperanto, estonian, farsi, finnish, french, ga
lician, german, german-x-2013-05-26, greek, gujarati, hindi, hungarian, iceland
ic, indonesian, interlingua, irish, italian, kannada, kurmanji, latin, latvian,
 lithuanian, malayalam, marathi, mongolian, mongolianlmc, monogreek, ngerman, n
german-x-2013-05-26, nynorsk, oriya, panjabi, pinyin, polish, portuguese, roman
ian, russian, sanskrit, serbian, slovak, slovenian, spanish, swedish, swissgerm
an, tamil, telugu, turkish, turkmen, ukenglish, ukrainian, uppersorbian, usengl
ishmax, welsh, loaded.
("C:\Program Files (x86)\MiKTeX 2.9\tex\latex\base\article.cls"
Document Class: article 2007/10/19 v1.4h Standard LaTeX document class
("C:\Program Files (x86)\MiKTeX 2.9\tex\latex\base\size12.clo"
File: size12.clo 2007/10/19 v1.4h Standard LaTeX file (size option)
)
\c@part=\count79
\c@section=\count80
\c@subsection=\count81
\c@subsubsection=\count82
\c@paragraph=\count83
\c@subparagraph=\count84
\c@figure=\count85
\c@table=\count86
\abovecaptionskip=\skip41
\belowcaptionskip=\skip42
\bibindent=\dimen102
)
("C:\Program Files (x86)\MiKTeX 2.9\tex\latex\base\inputenc.sty"
Package: inputenc 2008/03/30 v1.1d Input encoding file
\inpenc@prehook=\toks14
\inpenc@posthook=\toks15

("C:\Program Files (x86)\MiKTeX 2.9\tex\latex\base\utf8.def"
File: utf8.def 2008/04/05 v1.1m UTF-8 support for inputenc
Now handling font encoding OML ...
... no UTF-8 mapping file for font encoding OML
Now handling font encoding T1 ...
... processing UTF-8 mapping file for font encoding T1

("C:\Program Files (x86)\MiKTeX 2.9\tex\latex\base\t1enc.dfu"
File: t1enc.dfu 2008/04/05 v1.1m UTF-8 support for inputenc
   defining Unicode char U+00A1 (decimal 161)
   defining Unicode char U+00A3 (decimal 163)
   defining Unicode char U+00AB (decimal 171)
   defining Unicode char U+00BB (decimal 187)
   defining Unicode char U+00BF (decimal 191)
   defining Unicode char U+00C0 (decimal 192)
   defining Unicode char U+00C1 (decimal 193)
   defining Unicode char U+00C2 (decimal 194)
   defining Unicode char U+00C3 (decimal 195)
   defining Unicode char U+00C4 (decimal 196)
   defining Unicode char U+00C5 (decimal 197)
   defining Unicode char U+00C6 (decimal 198)
   defining Unicode char U+00C7 (decimal 199)
   defining Unicode char U+00C8 (decimal 200)
   defining Unicode char U+00C9 (decimal 201)
   defining Unicode char U+00CA (decimal 202)
   defining Unicode char U+00CB (decimal 203)
   defining Unicode char U+00CC (decimal 204)
   defining Unicode char U+00CD (decimal 205)
   defining Unicode char U+00CE (decimal 206)
   defining Unicode char U+00CF (decimal 207)
   defining Unicode char U+00D0 (decimal 208)
   defining Unicode char U+00D1 (decimal 209)
   defining Unicode char U+00D2 (decimal 210)
   defining Unicode char U+00D3 (decimal 211)
   defining Unicode char U+00D4 (decimal 212)
   defining Unicode char U+00D5 (decimal 213)
   defining Unicode char U+00D6 (decimal 214)
   defining Unicode char U+00D8 (decimal 216)
   defining Unicode char U+00D9 (decimal 217)
   defining Unicode char U+00DA (decimal 218)
   defining Unicode char U+00DB (decimal 219)
   defining Unicode char U+00DC (decimal 220)
   defining Unicode char U+00DD (decimal 221)
   defining Unicode char U+00DE (decimal 222)
   defining Unicode char U+00DF (decimal 223)
   defining Unicode char U+00E0 (decimal 224)
   defining Unicode char U+00E1 (decimal 225)
   defining Unicode char U+00E2 (decimal 226)
   defining Unicode char U+00E3 (decimal 227)
   defining Unicode char U+00E4 (decimal 228)
   defining Unicode char U+00E5 (decimal 229)
   defining Unicode char U+00E6 (decimal 230)
   defining Unicode char U+00E7 (decimal 231)
   defining Unicode char U+00E8 (decimal 232)
   defining Unicode char U+00E9 (decimal 233)
   defining Unicode char U+00EA (decimal 234)
   defining Unicode char U+00EB (decimal 235)
   defining Unicode char U+00EC (decimal 236)
   defining Unicode char U+00ED (decimal 237)
   defining Unicode char U+00EE (decimal 238)
   defining Unicode char U+00EF (decimal 239)
   defining Unicode char U+00F0 (decimal 240)
   defining Unicode char U+00F1 (decimal 241)
   defining Unicode char U+00F2 (decimal 242)
   defining Unicode char U+00F3 (decimal 243)
   defining Unicode char U+00F4 (decimal 244)
   defining Unicode char U+00F5 (decimal 245)
   defining Unicode char U+00F6 (decimal 246)
   defining Unicode char U+00F8 (decimal 248)
   defining Unicode char U+00F9 (decimal 249)
   defining Unicode char U+00FA (decimal 250)
   defining Unicode char U+00FB (decimal 251)
   defining Unicode char U+00FC (decimal 252)
   defining Unicode char U+00FD (decimal 253)
   defining Unicode char U+00FE (decimal 254)
   defining Unicode char U+00FF (decimal 255)
   defining Unicode char U+0102 (decimal 258)
   defining Unicode char U+0103 (decimal 259)
   defining Unicode char U+0104 (decimal 260)
   defining Unicode char U+0105 (decimal 261)
   defining Unicode char U+0106 (decimal 262)
   defining Unicode char U+0107 (decimal 263)
   defining Unicode char U+010C (decimal 268)
   defining Unicode char U+010D (decimal 269)
   defining Unicode char U+010E (decimal 270)
   defining Unicode char U+010F (decimal 271)
   defining Unicode char U+0110 (decimal 272)
   defining Unicode char U+0111 (decimal 273)
   defining Unicode char U+0118 (decimal 280)
   defining Unicode char U+0119 (decimal 281)
   defining Unicode char U+011A (decimal 282)
   defining Unicode char U+011B (decimal 283)
   defining Unicode char U+011E (decimal 286)
   defining Unicode char U+011F (decimal 287)
   defining Unicode char U+0130 (decimal 304)
   defining Unicode char U+0131 (decimal 305)
   defining Unicode char U+0132 (decimal 306)
   defining Unicode char U+0133 (decimal 307)
   defining Unicode char U+0139 (decimal 313)
   defining Unicode char U+013A (decimal 314)
   defining Unicode char U+013D (decimal 317)
   defining Unicode char U+013E (decimal 318)
   defining Unicode char U+0141 (decimal 321)
   defining Unicode char U+0142 (decimal 322)
   defining Unicode char U+0143 (decimal 323)
   defining Unicode char U+0144 (decimal 324)
   defining Unicode char U+0147 (decimal 327)
   defining Unicode char U+0148 (decimal 328)
   defining Unicode char U+014A (decimal 330)
   defining Unicode char U+014B (decimal 331)
   defining Unicode char U+0150 (decimal 336)
   defining Unicode char U+0151 (decimal 337)
   defining Unicode char U+0152 (decimal 338)
   defining Unicode char U+0153 (decimal 339)
   defining Unicode char U+0154 (decimal 340)
   defining Unicode char U+0155 (decimal 341)
   defining Unicode char U+0158 (decimal 344)
   defining Unicode char U+0159 (decimal 345)
   defining Unicode char U+015A (decimal 346)
   defining Unicode char U+015B (decimal 347)
   defining Unicode char U+015E (decimal 350)
   defining Unicode char U+015F (decimal 351)
   defining Unicode char U+0160 (decimal 352)
   defining Unicode char U+0161 (decimal 353)
   defining Unicode char U+0162 (decimal 354)
   defining Unicode char U+0163 (decimal 355)
   defining Unicode char U+0164 (decimal 356)
   defining Unicode char U+0165 (decimal 357)
   defining Unicode char U+016E (decimal 366)
   defining Unicode char U+016F (decimal 367)
   defining Unicode char U+0170 (decimal 368)
   defining Unicode char U+0171 (decimal 369)
   defining Unicode char U+0178 (decimal 376)
   defining Unicode char U+0179 (decimal 377)
   defining Unicode char U+017A (decimal 378)
   defining Unicode char U+017B (decimal 379)
   defining Unicode char U+017C (decimal 380)
   defining Unicode char U+017D (decimal 381)
   defining Unicode char U+017E (decimal 382)
   defining Unicode char U+200C (decimal 8204)
   defining Unicode char U+2013 (decimal 8211)
   defining Unicode char U+2014 (decimal 8212)
   defining Unicode char U+2018 (decimal 8216)
   defining Unicode char U+2019 (decimal 8217)
   defining Unicode char U+201A (decimal 8218)
   defining Unicode char U+201C (decimal 8220)
   defining Unicode char U+201D (decimal 8221)
   defining Unicode char U+201E (decimal 8222)
   defining Unicode char U+2030 (decimal 8240)
   defining Unicode char U+2031 (decimal 8241)
   defining Unicode char U+2039 (decimal 8249)
   defining Unicode char U+203A (decimal 8250)
   defining Unicode char U+2423 (decimal 9251)
)
Now handling font encoding OT1 ...
... processing UTF-8 mapping file for font encoding OT1

("C:\Program Files (x86)\MiKTeX 2.9\tex\latex\base\ot1enc.dfu"
File: ot1enc.dfu 2008/04/05 v1.1m UTF-8 support for inputenc
   defining Unicode char U+00A1 (decimal 161)
   defining Unicode char U+00A3 (decimal 163)
   defining Unicode char U+00B8 (decimal 184)
   defining Unicode char U+00BF (decimal 191)
   defining Unicode char U+00C5 (decimal 197)
   defining Unicode char U+00C6 (decimal 198)
   defining Unicode char U+00D8 (decimal 216)
   defining Unicode char U+00DF (decimal 223)
   defining Unicode char U+00E6 (decimal 230)
   defining Unicode char U+00EC (decimal 236)
   defining Unicode char U+00ED (decimal 237)
   defining Unicode char U+00EE (decimal 238)
   defining Unicode char U+00EF (decimal 239)
   defining Unicode char U+00F8 (decimal 248)
   defining Unicode char U+0131 (decimal 305)
   defining Unicode char U+0141 (decimal 321)
   defining Unicode char U+0142 (decimal 322)
   defining Unicode char U+0152 (decimal 338)
   defining Unicode char U+0153 (decimal 339)
   defining Unicode char U+2013 (decimal 8211)
   defining Unicode char U+2014 (decimal 8212)
   defining Unicode char U+2018 (decimal 8216)
   defining Unicode char U+2019 (decimal 8217)
   defining Unicode char U+201C (decimal 8220)
   defining Unicode char U+201D (decimal 8221)
)
Now handling font encoding OMS ...
... processing UTF-8 mapping file for font encoding OMS

("C:\Program Files (x86)\MiKTeX 2.9\tex\latex\base\omsenc.dfu"
File: omsenc.dfu 2008/04/05 v1.1m UTF-8 support for inputenc
   defining Unicode char U+00A7 (decimal 167)
   defining Unicode char U+00B6 (decimal 182)
   defining Unicode char U+00B7 (decimal 183)
   defining Unicode char U+2020 (decimal 8224)
   defining Unicode char U+2021 (decimal 8225)
   defining Unicode char U+2022 (decimal 8226)
)
Now handling font encoding OMX ...
... no UTF-8 mapping file for font encoding OMX
Now handling font encoding U ...
... no UTF-8 mapping file for font encoding U
   defining Unicode char U+00A9 (decimal 169)
   defining Unicode char U+00AA (decimal 170)
   defining Unicode char U+00AE (decimal 174)
   defining Unicode char U+00BA (decimal 186)
   defining Unicode char U+02C6 (decimal 710)
   defining Unicode char U+02DC (decimal 732)
   defining Unicode char U+200C (decimal 8204)
   defining Unicode char U+2026 (decimal 8230)
   defining Unicode char U+2122 (decimal 8482)
   defining Unicode char U+2423 (decimal 9251)
))
("C:\Program Files (x86)\MiKTeX 2.9\tex\latex\graphics\graphicx.sty"
Package: graphicx 1999/02/16 v1.0f Enhanced LaTeX Graphics (DPC,SPQR)

("C:\Program Files (x86)\MiKTeX 2.9\tex\latex\graphics\keyval.sty"
Package: keyval 1999/03/16 v1.13 key=value parser (DPC)
\KV@toks@=\toks16
)
("C:\Program Files (x86)\MiKTeX 2.9\tex\latex\graphics\graphics.sty"
Package: graphics 2009/02/05 v1.0o Standard LaTeX Graphics (DPC,SPQR)

("C:\Program Files (x86)\MiKTeX 2.9\tex\latex\graphics\trig.sty"
Package: trig 1999/03/16 v1.09 sin cos tan (DPC)
)
("C:\Program Files (x86)\MiKTeX 2.9\tex\latex\00miktex\graphics.cfg"
File: graphics.cfg 2007/01/18 v1.5 graphics configuration of teTeX/TeXLive
)
Package graphics Info: Driver file: pdftex.def on input line 91.

("C:\Program Files (x86)\MiKTeX 2.9\tex\latex\pdftex-def\pdftex.def"
File: pdftex.def 2011/05/27 v0.06d Graphics/color for pdfTeX

("C:\Program Files (x86)\MiKTeX 2.9\tex\generic\oberdiek\infwarerr.sty"
Package: infwarerr 2010/04/08 v1.3 Providing info/warning/error messages (HO)
)
("C:\Program Files (x86)\MiKTeX 2.9\tex\generic\oberdiek\ltxcmds.sty"
Package: ltxcmds 2011/11/09 v1.22 LaTeX kernel commands for general use (HO)
)
\Gread@gobject=\count87
))
\Gin@req@height=\dimen103
\Gin@req@width=\dimen104
)
("C:\Program Files (x86)\MiKTeX 2.9\tex\latex\caption\subcaption.sty"
Package: subcaption 2013/02/03 v1.1-62 Sub-captions (AR)

("C:\Program Files (x86)\MiKTeX 2.9\tex\latex\caption\caption.sty"
Package: caption 2013/05/02 v3.3-89 Customizing captions (AR)

("C:\Program Files (x86)\MiKTeX 2.9\tex\latex\caption\caption3.sty"
Package: caption3 2013/05/02 v1.6-88 caption3 kernel (AR)
Package caption3 Info: TeX engine: e-TeX on input line 57.
\captionmargin=\dimen105
\captionmargin@=\dimen106
\captionwidth=\dimen107
\caption@tempdima=\dimen108
\caption@indent=\dimen109
\caption@parindent=\dimen110
\caption@hangindent=\dimen111
)
\c@ContinuedFloat=\count88
)
\c@subfigure=\count89
\c@subtable=\count90
)
("C:\Program Files (x86)\MiKTeX 2.9\tex\latex\setspace\setspace.sty"
Package: setspace 2011/12/19 v6.7a set line spacing
)
(C:\Users\jd537\Documents\Thesis\test-repo\main.aux)
LaTeX Font Info:    Checking defaults for OML/cmm/m/it on input line 14.
LaTeX Font Info:    ... okay on input line 14.
LaTeX Font Info:    Checking defaults for T1/cmr/m/n on input line 14.
LaTeX Font Info:    ... okay on input line 14.
LaTeX Font Info:    Checking defaults for OT1/cmr/m/n on input line 14.
LaTeX Font Info:    ... okay on input line 14.
LaTeX Font Info:    Checking defaults for OMS/cmsy/m/n on input line 14.
LaTeX Font Info:    ... okay on input line 14.
LaTeX Font Info:    Checking defaults for OMX/cmex/m/n on input line 14.
LaTeX Font Info:    ... okay on input line 14.
LaTeX Font Info:    Checking defaults for U/cmr/m/n on input line 14.
LaTeX Font Info:    ... okay on input line 14.

("C:\Program Files (x86)\MiKTeX 2.9\tex\context\base\supp-pdf.mkii"
[Loading MPS to PDF converter (version 2006.09.02).]
\scratchcounter=\count91
\scratchdimen=\dimen112
\scratchbox=\box26
\nofMPsegments=\count92
\nofMParguments=\count93
\everyMPshowfont=\toks17
\MPscratchCnt=\count94
\MPscratchDim=\dimen113
\MPnumerator=\count95
\makeMPintoPDFobject=\count96
\everyMPtoPDFconversion=\toks18
)
Package caption Info: Begin \AtBeginDocument code.
Package caption Info: End \AtBeginDocument code.
LaTeX Font Info:    External font `cmex10' loaded for size
(Font)              <14.4> on input line 16.
LaTeX Font Info:    External font `cmex10' loaded for size
(Font)              <7> on input line 16.
 (C:\Users\jd537\Documents\Thesis\test-repo\main.toc
LaTeX Font Info:    External font `cmex10' loaded for size
(Font)              <12> on input line 3.
LaTeX Font Info:    External font `cmex10' loaded for size
(Font)              <8> on input line 3.
LaTeX Font Info:    External font `cmex10' loaded for size
(Font)              <6> on input line 3.
 [1

{C:/ProgramData/MiKTeX/2.9/pdftex/config/pdftex.map}] [2])
\tf@toc=\write3
 [3]
LaTeX Font Info:    Try loading font information for OMS+cmr on input line 24.

("C:\Program Files (x86)\MiKTeX 2.9\tex\latex\base\omscmr.fd"
File: omscmr.fd 1999/05/25 v2.5h Standard LaTeX font definitions
)
LaTeX Font Info:    Font shape `OMS/cmr/m/n' in size <12> not available
(Font)              Font shape `OMS/cmsy/m/n' tried instead on input line 24.
 [4] [5]
<Images/raster.jpg, id=21, 803.0pt x 301.125pt>
File: Images/raster.jpg Graphic file (type jpg)
 <use Images/raster.jpg>
Package pdftex.def Info: Images/raster.jpg used on input line 49.
(pdftex.def)             Requested size: 390.0pt x 146.2522pt.

<Images/sketchbook.jpg, id=22, 488.58592pt x 366.43944pt>
File: Images/sketchbook.jpg Graphic file (type jpg)

<use Images/sketchbook.jpg>
Package pdftex.def Info: Images/sketchbook.jpg used on input line 62.
(pdftex.def)             Requested size: 390.0pt x 292.50893pt.
 [6 <C:/Users/jd537/Documents/Thesis/test-repo/Images/raster.jpg>] [7 <C:/Users
/jd537/Documents/Thesis/test-repo/Images/sketchbook.jpg>] [8]
Overfull \hbox (11.0625pt too wide) in paragraph at lines 78--79
\OT1/cmr/m/n/12 http://www.autodesk.com/products/sketchbook-pro/features/all/ga
llery-view 
 []

[9] [10] <Images/CATIA1.png, id=39, 959.08313pt x 537.50812pt>
File: Images/CATIA1.png Graphic file (type png)

<use Images/CATIA1.png>
Package pdftex.def Info: Images/CATIA1.png used on input line 112.
(pdftex.def)             Requested size: 390.0pt x 218.57538pt.
 <Images/CATIA2.png, id=41, 961.34157pt x 539.76656pt>
File: Images/CATIA2.png Graphic file (type png)

<use Images/CATIA2.png>
Package pdftex.def Info: Images/CATIA2.png used on input line 116.
(pdftex.def)             Requested size: 390.0pt x 218.97488pt.
 <Images/Hyve3D1.png, id=42, 550.30594pt x 261.22594pt>
File: Images/Hyve3D1.png Graphic file (type png)

<use Images/Hyve3D1.png>
Package pdftex.def Info: Images/Hyve3D1.png used on input line 133.
(pdftex.def)             Requested size: 350.99762pt x 166.622pt.

<Images/Hyve3D2.png, id=43, 552.56438pt x 261.97874pt>
File: Images/Hyve3D2.png Graphic file (type png)

<use Images/Hyve3D2.png>
Package pdftex.def Info: Images/Hyve3D2.png used on input line 137.
(pdftex.def)             Requested size: 350.99762pt x 166.41061pt.
 [11] [12 <C:/Users/jd537/Documents/Thesis/test-repo/Images/CATIA1.png> <C:/Use
rs/jd537/Documents/Thesis/test-repo/Images/CATIA2.png>]
Overfull \hbox (249.77208pt too wide) in paragraph at lines 152--153
[]\OT1/cmr/m/n/12 Augmented Re-al-ity In-Situ 3D Sketch-ing of Phys-i-cal Ob-je
cts $\OML/cmm/m/it/12 http \OT1/cmr/m/n/12 : \OML/cmm/m/it/12 ==creativemachine
s:cornell:edu=papers=IUI\OT1/cmr/m/n/12 09[]\OML/cmm/m/it/12 ee:pdf$ 
 []

[13] [14 <C:/Users/jd537/Documents/Thesis/test-repo/Images/Hyve3D1.png> <C:/Use
rs/jd537/Documents/Thesis/test-repo/Images/Hyve3D2.png>]
Overfull \hbox (33.51367pt too wide) in paragraph at lines 160--161
[]\OT1/cmr/m/n/12 Polyes Q1 Pen http://technabob.com/blog/2014/12/29/polyes-q1-
3d-sketching-
 []


Overfull \hbox (11.3752pt too wide) in paragraph at lines 170--170
[]\OT1/cmtt/m/n/12 $http://tobias.isenberg.cc/personal/papers/Isenberg_2012_GPG
.pdf$[] 
 []


Overfull \hbox (45.50957pt too wide) in paragraph at lines 171--172
\OT1/cmr/m/n/12 A Sur-vey of In-ter-ac-tion Tech-niques for In-ter-ac-tive 3D E
n-vi-ron-ments http://www.grey-
 []


Overfull \hbox (451.25441pt too wide) in paragraph at lines 173--174
[]\OT1/cmr/m/n/12 Interaction with 3-D en-vi-ron-ments us-ing Mul-ti-touch Scre
ens $\OML/cmm/m/it/12 http \OT1/cmr/m/n/12 : \OML/cmm/m/it/12 ==www:researchgat
e:net=publication=\OT1/cmr/m/n/12 236304194[]\OML/cmm/m/it/12 nteraction[]ith[]
D[]nvironments[]sing[]ulti \OMS/cmsy/m/n/12  $
 []

[15]
Overfull \hbox (252.20032pt too wide) in paragraph at lines 189--189
[]\OT1/cmtt/m/n/12 $http://www.academia.edu/2236260/Pen-based_Interaction_-_Nex
t_Generation_User_Interfaces_WE-DINF-15756_$[] 
 []


Overfull \hbox (11.3752pt too wide) in paragraph at lines 193--193
[]\OT1/cmtt/m/n/12 $http://ieeexplore.ieee.org/stamp/stamp.jsp?tp=&arnumber=134
9146$[] 
 []


Overfull \hbox (1.98898pt too wide) in paragraph at lines 194--195
\OT1/cmr/m/n/12 ter-faces http://research.microsoft.com/en-us/um/people/kenh/pa
pers/p226-
 []

<Images/GestureLibrary.png, id=69, 735.49782pt x 1062.97125pt>
File: Images/GestureLibrary.png Graphic file (type png)

<use Images/GestureLibrary.png>
Package pdftex.def Info: Images/GestureLibrary.png used on input line 200.
(pdftex.def)             Requested size: 350.99762pt x 507.28467pt.

<Images/pengestures.png, id=70, 410.53375pt x 325.215pt>
File: Images/pengestures.png Graphic file (type png)

<use Images/pengestures.png>
Package pdftex.def Info: Images/pengestures.png used on input line 204.
(pdftex.def)             Requested size: 350.99762pt x 278.05179pt.
 [16] [17 <C:/Users/jd537/Documents/Thesis/test-repo/Images/GestureLibrary.png>
] [18 <C:/Users/jd537/Documents/Thesis/test-repo/Images/pengestures.png>]
<Images/CreatingACurve.png, id=80, 1035.11719pt x 249.93375pt>
File: Images/CreatingACurve.png Graphic file (type png)

<use Images/CreatingACurve.png>
Package pdftex.def Info: Images/CreatingACurve.png used on input line 219.
(pdftex.def)             Requested size: 350.99762pt x 84.75134pt.

Overfull \hbox (103.90741pt too wide) in paragraph at lines 223--224
[]\OT1/cmr/m/n/12 Curve Global In-ter-po-la-tion http://www.cs.mtu.edu/ shene/C
OURSES/cs3621/NOTES/INT-
 []


Overfull \hbox (71.37439pt too wide) in paragraph at lines 225--226
[]\OT1/cmr/m/n/12 Smooth Spline Through Pre-scribed Points https://www.particle
incell.com/2012/bezier-
 []

[19 <C:/Users/jd537/Documents/Thesis/test-repo/Images/CreatingACurve.png>]
[20] <Images/StrokeProjection.png, id=89, 1182.66844pt x 427.5975pt>
File: Images/StrokeProjection.png Graphic file (type png)

<use Images/StrokeProjection.png>
Package pdftex.def Info: Images/StrokeProjection.png used on input line 251.
(pdftex.def)             Requested size: 350.99762pt x 126.90353pt.

<Images/AccelerationStructureExample.png, id=90, 925.20656pt x 424.58624pt>
File: Images/AccelerationStructureExample.png Graphic file (type png)

<use Images/AccelerationStructureExample.png>
Package pdftex.def Info: Images/AccelerationStructureExample.png used on input 
line 259.
(pdftex.def)             Requested size: 350.99762pt x 161.07881pt.


LaTeX Warning: `h' float specifier changed to `ht'.

[21 <C:/Users/jd537/Documents/Thesis/test-repo/Images/StrokeProjection.png>]
[22 <C:/Users/jd537/Documents/Thesis/test-repo/Images/AccelerationStructureExam
ple.png>] [23] <Images/Duality.png, id=102, 1005.7575pt x 360.59718pt>
File: Images/Duality.png Graphic file (type png)

<use Images/Duality.png>
Package pdftex.def Info: Images/Duality.png used on input line 290.
(pdftex.def)             Requested size: 350.99762pt x 125.84224pt.

<Images/TurningThePage.png, id=103, 827.34094pt x 417.05812pt>
File: Images/TurningThePage.png Graphic file (type png)

<use Images/TurningThePage.png>
Package pdftex.def Info: Images/TurningThePage.png used on input line 295.
(pdftex.def)             Requested size: 350.99762pt x 176.9387pt.
 [24 <C:/Users/jd537/Documents/Thesis/test-repo/Images/Duality.png>] [25 <C:/Us
ers/jd537/Documents/Thesis/test-repo/Images/TurningThePage.png>] [26] (C:\Users
\jd537\Documents\Thesis\test-repo\main.aux) ) 
Here is how much of TeX's memory you used:
 2561 strings out of 493921
 39396 string characters out of 3144877
 96954 words of memory out of 3000000
 5847 multiletter control sequences out of 15000+200000
 9277 words of font info for 33 fonts, out of 3000000 for 9000
 841 hyphenation exceptions out of 8191
 42i,7n,40p,821b,412s stack positions out of 5000i,500n,10000p,200000b,50000s
<C:/Program Files (x86)/MiKTeX 2.9
/fonts/type1/public/amsfonts/cm/cmbx12.pfb><C:/Program Files (x86)/MiKTeX 2.9/f
onts/type1/public/amsfonts/cm/cmmi12.pfb><C:/Program Files (x86)/MiKTeX 2.9/fon
ts/type1/public/amsfonts/cm/cmmi8.pfb><C:/Program Files (x86)/MiKTeX 2.9/fonts/
type1/public/amsfonts/cm/cmr10.pfb><C:/Program Files (x86)/MiKTeX 2.9/fonts/typ
e1/public/amsfonts/cm/cmr12.pfb><C:/Program Files (x86)/MiKTeX 2.9/fonts/type1/
public/amsfonts/cm/cmr17.pfb><C:/Program Files (x86)/MiKTeX 2.9/fonts/type1/pub
lic/amsfonts/cm/cmr8.pfb><C:/Program Files (x86)/MiKTeX 2.9/fonts/type1/public/
amsfonts/cm/cmsy10.pfb><C:/Program Files (x86)/MiKTeX 2.9/fonts/type1/public/am
sfonts/cm/cmtt12.pfb>
Output written on main.pdf (26 pages, 2041599 bytes).
PDF statistics:
 145 PDF objects out of 1000 (max. 8388607)
 0 named destinations out of 1000 (max. 500000)
 66 words of extra memory for PDF output out of 10000 (max. 10000000)

