C:\Users\Charles\Documents\Code\cinder_0.8.4_vc2010\apps\03-InteractiveBitmaps\vc10\Debug\cl.command.1.tlog
C:\Users\Charles\Documents\Code\cinder_0.8.4_vc2010\apps\03-InteractiveBitmaps\vc10\Debug\CL.read.1.tlog
C:\Users\Charles\Documents\Code\cinder_0.8.4_vc2010\apps\03-InteractiveBitmaps\vc10\Debug\CL.write.1.tlog
C:\USERS\CHARLES\DOCUMENTS\CODE\CINDER_0.8.4_VC2010\APPS\03-INTERACTIVEBITMAPS\VC10\DEBUG\GESTUREWORKSCORE.OBJ
C:\USERS\CHARLES\DOCUMENTS\CODE\CINDER_0.8.4_VC2010\APPS\03-INTERACTIVEBITMAPS\VC10\DEBUG\GWCUTILS.OBJ
C:\USERS\CHARLES\DOCUMENTS\CODE\CINDER_0.8.4_VC2010\APPS\03-INTERACTIVEBITMAPS\VC10\DEBUG\INTERACTIVEBITMAPS.EXE
C:\USERS\CHARLES\DOCUMENTS\CODE\CINDER_0.8.4_VC2010\APPS\03-INTERACTIVEBITMAPS\VC10\DEBUG\INTERACTIVEBITMAPS.EXE.EMBED.MANIFEST
C:\USERS\CHARLES\DOCUMENTS\CODE\CINDER_0.8.4_VC2010\APPS\03-INTERACTIVEBITMAPS\VC10\DEBUG\INTERACTIVEBITMAPS.EXE.EMBED.MANIFEST.RES
C:\USERS\CHARLES\DOCUMENTS\CODE\CINDER_0.8.4_VC2010\APPS\03-INTERACTIVEBITMAPS\VC10\DEBUG\INTERACTIVEBITMAPS.EXE.INTERMEDIATE.MANIFEST
C:\USERS\CHARLES\DOCUMENTS\CODE\CINDER_0.8.4_VC2010\APPS\03-INTERACTIVEBITMAPS\VC10\DEBUG\INTERACTIVEBITMAPS.ILK
C:\USERS\CHARLES\DOCUMENTS\CODE\CINDER_0.8.4_VC2010\APPS\03-INTERACTIVEBITMAPS\VC10\DEBUG\INTERACTIVEBITMAPS.PDB
C:\Users\Charles\Documents\Code\cinder_0.8.4_vc2010\apps\03-InteractiveBitmaps\vc10\Debug\InteractiveBitmaps_manifest.rc
C:\USERS\CHARLES\DOCUMENTS\CODE\CINDER_0.8.4_VC2010\APPS\03-INTERACTIVEBITMAPS\VC10\DEBUG\INTERACTIVEBITMAPSAPP.OBJ
C:\Users\Charles\Documents\Code\cinder_0.8.4_vc2010\apps\03-InteractiveBitmaps\vc10\Debug\link.2548.read.1.tlog
C:\Users\Charles\Documents\Code\cinder_0.8.4_vc2010\apps\03-InteractiveBitmaps\vc10\Debug\link.2548.read.2.tlog
C:\Users\Charles\Documents\Code\cinder_0.8.4_vc2010\apps\03-InteractiveBitmaps\vc10\Debug\link.2548.write.1.tlog
C:\Users\Charles\Documents\Code\cinder_0.8.4_vc2010\apps\03-InteractiveBitmaps\vc10\Debug\link.2548-cvtres.read.1.tlog
C:\Users\Charles\Documents\Code\cinder_0.8.4_vc2010\apps\03-InteractiveBitmaps\vc10\Debug\link.2548-cvtres.write.1.tlog
C:\Users\Charles\Documents\Code\cinder_0.8.4_vc2010\apps\03-InteractiveBitmaps\vc10\Debug\link.2880.read.1.tlog
C:\Users\Charles\Documents\Code\cinder_0.8.4_vc2010\apps\03-InteractiveBitmaps\vc10\Debug\link.2880.write.1.tlog
C:\Users\Charles\Documents\Code\cinder_0.8.4_vc2010\apps\03-InteractiveBitmaps\vc10\Debug\link.3408.read.1.tlog
C:\Users\Charles\Documents\Code\cinder_0.8.4_vc2010\apps\03-InteractiveBitmaps\vc10\Debug\link.3408.write.1.tlog
C:\Users\Charles\Documents\Code\cinder_0.8.4_vc2010\apps\03-InteractiveBitmaps\vc10\Debug\link.3408-cvtres.read.1.tlog
C:\Users\Charles\Documents\Code\cinder_0.8.4_vc2010\apps\03-InteractiveBitmaps\vc10\Debug\link.3408-cvtres.write.1.tlog
C:\Users\Charles\Documents\Code\cinder_0.8.4_vc2010\apps\03-InteractiveBitmaps\vc10\Debug\link.4092.read.1.tlog
C:\Users\Charles\Documents\Code\cinder_0.8.4_vc2010\apps\03-InteractiveBitmaps\vc10\Debug\link.4092.write.1.tlog
C:\Users\Charles\Documents\Code\cinder_0.8.4_vc2010\apps\03-InteractiveBitmaps\vc10\Debug\link.4308.read.1.tlog
C:\Users\Charles\Documents\Code\cinder_0.8.4_vc2010\apps\03-InteractiveBitmaps\vc10\Debug\link.4308.write.1.tlog
C:\Users\Charles\Documents\Code\cinder_0.8.4_vc2010\apps\03-InteractiveBitmaps\vc10\Debug\link.4344.read.1.tlog
C:\Users\Charles\Documents\Code\cinder_0.8.4_vc2010\apps\03-InteractiveBitmaps\vc10\Debug\link.4344.read.2.tlog
C:\Users\Charles\Documents\Code\cinder_0.8.4_vc2010\apps\03-InteractiveBitmaps\vc10\Debug\link.4344.write.1.tlog
C:\Users\Charles\Documents\Code\cinder_0.8.4_vc2010\apps\03-InteractiveBitmaps\vc10\Debug\link.4344-cvtres.read.1.tlog
C:\Users\Charles\Documents\Code\cinder_0.8.4_vc2010\apps\03-InteractiveBitmaps\vc10\Debug\link.4344-cvtres.write.1.tlog
C:\Users\Charles\Documents\Code\cinder_0.8.4_vc2010\apps\03-InteractiveBitmaps\vc10\Debug\link.4440.read.1.tlog
C:\Users\Charles\Documents\Code\cinder_0.8.4_vc2010\apps\03-InteractiveBitmaps\vc10\Debug\link.4440.read.2.tlog
C:\Users\Charles\Documents\Code\cinder_0.8.4_vc2010\apps\03-InteractiveBitmaps\vc10\Debug\link.4440.write.1.tlog
C:\Users\Charles\Documents\Code\cinder_0.8.4_vc2010\apps\03-InteractiveBitmaps\vc10\Debug\link.4440-cvtres.read.1.tlog
C:\Users\Charles\Documents\Code\cinder_0.8.4_vc2010\apps\03-InteractiveBitmaps\vc10\Debug\link.4440-cvtres.write.1.tlog
C:\Users\Charles\Documents\Code\cinder_0.8.4_vc2010\apps\03-InteractiveBitmaps\vc10\Debug\link.4952.read.1.tlog
C:\Users\Charles\Documents\Code\cinder_0.8.4_vc2010\apps\03-InteractiveBitmaps\vc10\Debug\link.4952.read.2.tlog
C:\Users\Charles\Documents\Code\cinder_0.8.4_vc2010\apps\03-InteractiveBitmaps\vc10\Debug\link.4952.write.1.tlog
C:\Users\Charles\Documents\Code\cinder_0.8.4_vc2010\apps\03-InteractiveBitmaps\vc10\Debug\link.4952-cvtres.read.1.tlog
C:\Users\Charles\Documents\Code\cinder_0.8.4_vc2010\apps\03-InteractiveBitmaps\vc10\Debug\link.4952-cvtres.write.1.tlog
C:\Users\Charles\Documents\Code\cinder_0.8.4_vc2010\apps\03-InteractiveBitmaps\vc10\Debug\link.5372.read.1.tlog
C:\Users\Charles\Documents\Code\cinder_0.8.4_vc2010\apps\03-InteractiveBitmaps\vc10\Debug\link.5372.read.2.tlog
C:\Users\Charles\Documents\Code\cinder_0.8.4_vc2010\apps\03-InteractiveBitmaps\vc10\Debug\link.5372.write.1.tlog
C:\Users\Charles\Documents\Code\cinder_0.8.4_vc2010\apps\03-InteractiveBitmaps\vc10\Debug\link.5372-cvtres.read.1.tlog
C:\Users\Charles\Documents\Code\cinder_0.8.4_vc2010\apps\03-InteractiveBitmaps\vc10\Debug\link.5372-cvtres.write.1.tlog
C:\Users\Charles\Documents\Code\cinder_0.8.4_vc2010\apps\03-InteractiveBitmaps\vc10\Debug\link.5380.read.1.tlog
C:\Users\Charles\Documents\Code\cinder_0.8.4_vc2010\apps\03-InteractiveBitmaps\vc10\Debug\link.5380.write.1.tlog
C:\Users\Charles\Documents\Code\cinder_0.8.4_vc2010\apps\03-InteractiveBitmaps\vc10\Debug\link.5744.read.1.tlog
C:\Users\Charles\Documents\Code\cinder_0.8.4_vc2010\apps\03-InteractiveBitmaps\vc10\Debug\link.5744.write.1.tlog
C:\Users\Charles\Documents\Code\cinder_0.8.4_vc2010\apps\03-InteractiveBitmaps\vc10\Debug\link.5812.read.1.tlog
C:\Users\Charles\Documents\Code\cinder_0.8.4_vc2010\apps\03-InteractiveBitmaps\vc10\Debug\link.5812.read.2.tlog
C:\Users\Charles\Documents\Code\cinder_0.8.4_vc2010\apps\03-InteractiveBitmaps\vc10\Debug\link.5812.write.1.tlog
C:\Users\Charles\Documents\Code\cinder_0.8.4_vc2010\apps\03-InteractiveBitmaps\vc10\Debug\link.5812-cvtres.read.1.tlog
C:\Users\Charles\Documents\Code\cinder_0.8.4_vc2010\apps\03-InteractiveBitmaps\vc10\Debug\link.5812-cvtres.write.1.tlog
C:\Users\Charles\Documents\Code\cinder_0.8.4_vc2010\apps\03-InteractiveBitmaps\vc10\Debug\link.5876.read.1.tlog
C:\Users\Charles\Documents\Code\cinder_0.8.4_vc2010\apps\03-InteractiveBitmaps\vc10\Debug\link.5876.read.2.tlog
C:\Users\Charles\Documents\Code\cinder_0.8.4_vc2010\apps\03-InteractiveBitmaps\vc10\Debug\link.5876.write.1.tlog
C:\Users\Charles\Documents\Code\cinder_0.8.4_vc2010\apps\03-InteractiveBitmaps\vc10\Debug\link.5876-cvtres.read.1.tlog
C:\Users\Charles\Documents\Code\cinder_0.8.4_vc2010\apps\03-InteractiveBitmaps\vc10\Debug\link.5876-cvtres.write.1.tlog
C:\Users\Charles\Documents\Code\cinder_0.8.4_vc2010\apps\03-InteractiveBitmaps\vc10\Debug\link.6064.read.1.tlog
C:\Users\Charles\Documents\Code\cinder_0.8.4_vc2010\apps\03-InteractiveBitmaps\vc10\Debug\link.6064.write.1.tlog
C:\Users\Charles\Documents\Code\cinder_0.8.4_vc2010\apps\03-InteractiveBitmaps\vc10\Debug\link.6208.read.1.tlog
C:\Users\Charles\Documents\Code\cinder_0.8.4_vc2010\apps\03-InteractiveBitmaps\vc10\Debug\link.6208.write.1.tlog
C:\Users\Charles\Documents\Code\cinder_0.8.4_vc2010\apps\03-InteractiveBitmaps\vc10\Debug\link.6312.read.1.tlog
C:\Users\Charles\Documents\Code\cinder_0.8.4_vc2010\apps\03-InteractiveBitmaps\vc10\Debug\link.6312.write.1.tlog
C:\Users\Charles\Documents\Code\cinder_0.8.4_vc2010\apps\03-InteractiveBitmaps\vc10\Debug\link.6352.read.1.tlog
C:\Users\Charles\Documents\Code\cinder_0.8.4_vc2010\apps\03-InteractiveBitmaps\vc10\Debug\link.6352.read.2.tlog
C:\Users\Charles\Documents\Code\cinder_0.8.4_vc2010\apps\03-InteractiveBitmaps\vc10\Debug\link.6352.write.1.tlog
C:\Users\Charles\Documents\Code\cinder_0.8.4_vc2010\apps\03-InteractiveBitmaps\vc10\Debug\link.6352-cvtres.read.1.tlog
C:\Users\Charles\Documents\Code\cinder_0.8.4_vc2010\apps\03-InteractiveBitmaps\vc10\Debug\link.6352-cvtres.write.1.tlog
C:\Users\Charles\Documents\Code\cinder_0.8.4_vc2010\apps\03-InteractiveBitmaps\vc10\Debug\link.6360.read.1.tlog
C:\Users\Charles\Documents\Code\cinder_0.8.4_vc2010\apps\03-InteractiveBitmaps\vc10\Debug\link.6360.read.2.tlog
C:\Users\Charles\Documents\Code\cinder_0.8.4_vc2010\apps\03-InteractiveBitmaps\vc10\Debug\link.6360.write.1.tlog
C:\Users\Charles\Documents\Code\cinder_0.8.4_vc2010\apps\03-InteractiveBitmaps\vc10\Debug\link.6360-cvtres.read.1.tlog
C:\Users\Charles\Documents\Code\cinder_0.8.4_vc2010\apps\03-InteractiveBitmaps\vc10\Debug\link.6360-cvtres.write.1.tlog
C:\Users\Charles\Documents\Code\cinder_0.8.4_vc2010\apps\03-InteractiveBitmaps\vc10\Debug\link.6608.read.1.tlog
C:\Users\Charles\Documents\Code\cinder_0.8.4_vc2010\apps\03-InteractiveBitmaps\vc10\Debug\link.6608.write.1.tlog
C:\Users\Charles\Documents\Code\cinder_0.8.4_vc2010\apps\03-InteractiveBitmaps\vc10\Debug\link.6656.read.1.tlog
C:\Users\Charles\Documents\Code\cinder_0.8.4_vc2010\apps\03-InteractiveBitmaps\vc10\Debug\link.6656.write.1.tlog
C:\Users\Charles\Documents\Code\cinder_0.8.4_vc2010\apps\03-InteractiveBitmaps\vc10\Debug\link.6688.read.1.tlog
C:\Users\Charles\Documents\Code\cinder_0.8.4_vc2010\apps\03-InteractiveBitmaps\vc10\Debug\link.6688.write.1.tlog
C:\Users\Charles\Documents\Code\cinder_0.8.4_vc2010\apps\03-InteractiveBitmaps\vc10\Debug\link.6704.read.1.tlog
C:\Users\Charles\Documents\Code\cinder_0.8.4_vc2010\apps\03-InteractiveBitmaps\vc10\Debug\link.6704.read.2.tlog
C:\Users\Charles\Documents\Code\cinder_0.8.4_vc2010\apps\03-InteractiveBitmaps\vc10\Debug\link.6704.write.1.tlog
C:\Users\Charles\Documents\Code\cinder_0.8.4_vc2010\apps\03-InteractiveBitmaps\vc10\Debug\link.6704-cvtres.read.1.tlog
C:\Users\Charles\Documents\Code\cinder_0.8.4_vc2010\apps\03-InteractiveBitmaps\vc10\Debug\link.6704-cvtres.write.1.tlog
C:\Users\Charles\Documents\Code\cinder_0.8.4_vc2010\apps\03-InteractiveBitmaps\vc10\Debug\link.6752.read.1.tlog
C:\Users\Charles\Documents\Code\cinder_0.8.4_vc2010\apps\03-InteractiveBitmaps\vc10\Debug\link.6752.write.1.tlog
C:\Users\Charles\Documents\Code\cinder_0.8.4_vc2010\apps\03-InteractiveBitmaps\vc10\Debug\link.6920.read.1.tlog
C:\Users\Charles\Documents\Code\cinder_0.8.4_vc2010\apps\03-InteractiveBitmaps\vc10\Debug\link.6920.read.2.tlog
C:\Users\Charles\Documents\Code\cinder_0.8.4_vc2010\apps\03-InteractiveBitmaps\vc10\Debug\link.6920.write.1.tlog
C:\Users\Charles\Documents\Code\cinder_0.8.4_vc2010\apps\03-InteractiveBitmaps\vc10\Debug\link.6920-cvtres.read.1.tlog
C:\Users\Charles\Documents\Code\cinder_0.8.4_vc2010\apps\03-InteractiveBitmaps\vc10\Debug\link.6920-cvtres.write.1.tlog
C:\Users\Charles\Documents\Code\cinder_0.8.4_vc2010\apps\03-InteractiveBitmaps\vc10\Debug\link.6988.read.1.tlog
C:\Users\Charles\Documents\Code\cinder_0.8.4_vc2010\apps\03-InteractiveBitmaps\vc10\Debug\link.6988.write.1.tlog
C:\Users\Charles\Documents\Code\cinder_0.8.4_vc2010\apps\03-InteractiveBitmaps\vc10\Debug\link.command.1.tlog
C:\Users\Charles\Documents\Code\cinder_0.8.4_vc2010\apps\03-InteractiveBitmaps\vc10\Debug\link.read.1.tlog
C:\Users\Charles\Documents\Code\cinder_0.8.4_vc2010\apps\03-InteractiveBitmaps\vc10\Debug\link.read.2.tlog
C:\Users\Charles\Documents\Code\cinder_0.8.4_vc2010\apps\03-InteractiveBitmaps\vc10\Debug\link.write.1.tlog
C:\Users\Charles\Documents\Code\cinder_0.8.4_vc2010\apps\03-InteractiveBitmaps\vc10\Debug\link-cvtres.read.1.tlog
C:\Users\Charles\Documents\Code\cinder_0.8.4_vc2010\apps\03-InteractiveBitmaps\vc10\Debug\link-cvtres.write.1.tlog
C:\Users\Charles\Documents\Code\cinder_0.8.4_vc2010\apps\03-InteractiveBitmaps\vc10\Debug\mt.command.1.tlog
C:\Users\Charles\Documents\Code\cinder_0.8.4_vc2010\apps\03-InteractiveBitmaps\vc10\Debug\mt.read.1.tlog
C:\Users\Charles\Documents\Code\cinder_0.8.4_vc2010\apps\03-InteractiveBitmaps\vc10\Debug\mt.write.1.tlog
C:\Users\Charles\Documents\Code\cinder_0.8.4_vc2010\apps\03-InteractiveBitmaps\vc10\Debug\rc.command.1.tlog
C:\Users\Charles\Documents\Code\cinder_0.8.4_vc2010\apps\03-InteractiveBitmaps\vc10\Debug\rc.read.1.tlog
C:\Users\Charles\Documents\Code\cinder_0.8.4_vc2010\apps\03-InteractiveBitmaps\vc10\Debug\rc.write.1.tlog
C:\USERS\CHARLES\DOCUMENTS\CODE\CINDER_0.8.4_VC2010\APPS\03-INTERACTIVEBITMAPS\VC10\DEBUG\RESOURCES.RES
C:\Users\Charles\Documents\Code\cinder_0.8.4_vc2010\apps\03-InteractiveBitmaps\vc10\Debug\vc100.idb
C:\USERS\CHARLES\DOCUMENTS\CODE\CINDER_0.8.4_VC2010\APPS\03-INTERACTIVEBITMAPS\VC10\DEBUG\VC100.PDB
