C:\Users\Charles\Documents\Code\cinder_0.8.4_vc2010\apps\02-HelloMultitouch\vc10\Debug\cl.command.1.tlog
C:\Users\Charles\Documents\Code\cinder_0.8.4_vc2010\apps\02-HelloMultitouch\vc10\Debug\CL.read.1.tlog
C:\Users\Charles\Documents\Code\cinder_0.8.4_vc2010\apps\02-HelloMultitouch\vc10\Debug\CL.write.1.tlog
C:\USERS\CHARLES\DOCUMENTS\CODE\CINDER_0.8.4_VC2010\APPS\02-HELLOMULTITOUCH\VC10\DEBUG\GESTUREWORKSCORE.OBJ
C:\USERS\CHARLES\DOCUMENTS\CODE\CINDER_0.8.4_VC2010\APPS\02-HELLOMULTITOUCH\VC10\DEBUG\GWCUTILS.OBJ
C:\USERS\CHARLES\DOCUMENTS\CODE\CINDER_0.8.4_VC2010\APPS\02-HELLOMULTITOUCH\VC10\DEBUG\HELLOMULTITOUCH.EXE
C:\USERS\CHARLES\DOCUMENTS\CODE\CINDER_0.8.4_VC2010\APPS\02-HELLOMULTITOUCH\VC10\DEBUG\HELLOMULTITOUCH.EXE.EMBED.MANIFEST
C:\USERS\CHARLES\DOCUMENTS\CODE\CINDER_0.8.4_VC2010\APPS\02-HELLOMULTITOUCH\VC10\DEBUG\HELLOMULTITOUCH.EXE.EMBED.MANIFEST.RES
C:\USERS\CHARLES\DOCUMENTS\CODE\CINDER_0.8.4_VC2010\APPS\02-HELLOMULTITOUCH\VC10\DEBUG\HELLOMULTITOUCH.EXE.INTERMEDIATE.MANIFEST
C:\USERS\CHARLES\DOCUMENTS\CODE\CINDER_0.8.4_VC2010\APPS\02-HELLOMULTITOUCH\VC10\DEBUG\HELLOMULTITOUCH.ILK
C:\USERS\CHARLES\DOCUMENTS\CODE\CINDER_0.8.4_VC2010\APPS\02-HELLOMULTITOUCH\VC10\DEBUG\HELLOMULTITOUCH.PDB
C:\Users\Charles\Documents\Code\cinder_0.8.4_vc2010\apps\02-HelloMultitouch\vc10\Debug\HelloMultitouch_manifest.rc
C:\USERS\CHARLES\DOCUMENTS\CODE\CINDER_0.8.4_VC2010\APPS\02-HELLOMULTITOUCH\VC10\DEBUG\HELLOMULTITOUCHAPP.OBJ
C:\Users\Charles\Documents\Code\cinder_0.8.4_vc2010\apps\02-HelloMultitouch\vc10\Debug\link.command.1.tlog
C:\Users\Charles\Documents\Code\cinder_0.8.4_vc2010\apps\02-HelloMultitouch\vc10\Debug\link.read.1.tlog
C:\Users\Charles\Documents\Code\cinder_0.8.4_vc2010\apps\02-HelloMultitouch\vc10\Debug\link.read.2.tlog
C:\Users\Charles\Documents\Code\cinder_0.8.4_vc2010\apps\02-HelloMultitouch\vc10\Debug\link.write.1.tlog
C:\Users\Charles\Documents\Code\cinder_0.8.4_vc2010\apps\02-HelloMultitouch\vc10\Debug\link-cvtres.read.1.tlog
C:\Users\Charles\Documents\Code\cinder_0.8.4_vc2010\apps\02-HelloMultitouch\vc10\Debug\link-cvtres.write.1.tlog
C:\Users\Charles\Documents\Code\cinder_0.8.4_vc2010\apps\02-HelloMultitouch\vc10\Debug\mt.command.1.tlog
C:\Users\Charles\Documents\Code\cinder_0.8.4_vc2010\apps\02-HelloMultitouch\vc10\Debug\mt.read.1.tlog
C:\Users\Charles\Documents\Code\cinder_0.8.4_vc2010\apps\02-HelloMultitouch\vc10\Debug\mt.write.1.tlog
C:\Users\Charles\Documents\Code\cinder_0.8.4_vc2010\apps\02-HelloMultitouch\vc10\Debug\rc.command.1.tlog
C:\Users\Charles\Documents\Code\cinder_0.8.4_vc2010\apps\02-HelloMultitouch\vc10\Debug\rc.read.1.tlog
C:\Users\Charles\Documents\Code\cinder_0.8.4_vc2010\apps\02-HelloMultitouch\vc10\Debug\rc.write.1.tlog
C:\USERS\CHARLES\DOCUMENTS\CODE\CINDER_0.8.4_VC2010\APPS\02-HELLOMULTITOUCH\VC10\DEBUG\RESOURCES.RES
C:\Users\Charles\Documents\Code\cinder_0.8.4_vc2010\apps\02-HelloMultitouch\vc10\Debug\vc100.idb
C:\USERS\CHARLES\DOCUMENTS\CODE\CINDER_0.8.4_VC2010\APPS\02-HELLOMULTITOUCH\VC10\DEBUG\VC100.PDB
