This is pdfTeX, Version 3.1415926-2.5-1.40.14 (MiKTeX 2.9) (preloaded format=pdflatex 2015.3.1)  31 AUG 2015 16:56
entering extended mode
**main.tex
(C:\Users\jd537\Documents\Thesis\test-repo\Thesis\main.tex
LaTeX2e <2011/06/27>
Babel <v3.8m> and hyphenation patterns for english, afrikaans, ancientgreek, ar
abic, armenian, assamese, basque, bengali, bokmal, bulgarian, catalan, coptic, 
croatian, czech, danish, dutch, esperanto, estonian, farsi, finnish, french, ga
lician, german, german-x-2013-05-26, greek, gujarati, hindi, hungarian, iceland
ic, indonesian, interlingua, irish, italian, kannada, kurmanji, latin, latvian,
 lithuanian, malayalam, marathi, mongolian, mongolianlmc, monogreek, ngerman, n
german-x-2013-05-26, nynorsk, oriya, panjabi, pinyin, polish, portuguese, roman
ian, russian, sanskrit, serbian, slovak, slovenian, spanish, swedish, swissgerm
an, tamil, telugu, turkish, turkmen, ukenglish, ukrainian, uppersorbian, usengl
ishmax, welsh, loaded.
(C:\Users\jd537\Documents\Thesis\test-repo\Thesis\cornell.cls
Document Class: cornell 2008/4/17 v2.9 Cornell University thesis class
("C:\Program Files (x86)\MiKTeX 2.9\tex\latex\base\report.cls"
Document Class: report 2007/10/19 v1.4h Standard LaTeX document class
("C:\Program Files (x86)\MiKTeX 2.9\tex\latex\base\size12.clo"
File: size12.clo 2007/10/19 v1.4h Standard LaTeX file (size option)
)
\c@part=\count79
\c@chapter=\count80
\c@section=\count81
\c@subsection=\count82
\c@subsubsection=\count83
\c@paragraph=\count84
\c@subparagraph=\count85
\c@figure=\count86
\c@table=\count87
\abovecaptionskip=\skip41
\belowcaptionskip=\skip42
\bibindent=\dimen102
)
\@abhdskip=\skip43
)
("C:\Program Files (x86)\MiKTeX 2.9\tex\latex\amsmath\amsmath.sty"
Package: amsmath 2013/01/14 v2.14 AMS math features
\@mathmargin=\skip44

For additional information on amsmath, use the `?' option.
("C:\Program Files (x86)\MiKTeX 2.9\tex\latex\amsmath\amstext.sty"
Package: amstext 2000/06/29 v2.01

("C:\Program Files (x86)\MiKTeX 2.9\tex\latex\amsmath\amsgen.sty"
File: amsgen.sty 1999/11/30 v2.0
\@emptytoks=\toks14
\ex@=\dimen103
))
("C:\Program Files (x86)\MiKTeX 2.9\tex\latex\amsmath\amsbsy.sty"
Package: amsbsy 1999/11/29 v1.2d
\pmbraise@=\dimen104
)
("C:\Program Files (x86)\MiKTeX 2.9\tex\latex\amsmath\amsopn.sty"
Package: amsopn 1999/12/14 v2.01 operator names
)
\inf@bad=\count88
LaTeX Info: Redefining \frac on input line 210.
\uproot@=\count89
\leftroot@=\count90
LaTeX Info: Redefining \overline on input line 306.
\classnum@=\count91
\DOTSCASE@=\count92
LaTeX Info: Redefining \ldots on input line 378.
LaTeX Info: Redefining \dots on input line 381.
LaTeX Info: Redefining \cdots on input line 466.
\Mathstrutbox@=\box26
\strutbox@=\box27
\big@size=\dimen105
LaTeX Font Info:    Redeclaring font encoding OML on input line 566.
LaTeX Font Info:    Redeclaring font encoding OMS on input line 567.
\macc@depth=\count93
\c@MaxMatrixCols=\count94
\dotsspace@=\muskip10
\c@parentequation=\count95
\dspbrk@lvl=\count96
\tag@help=\toks15
\row@=\count97
\column@=\count98
\maxfields@=\count99
\andhelp@=\toks16
\eqnshift@=\dimen106
\alignsep@=\dimen107
\tagshift@=\dimen108
\tagwidth@=\dimen109
\totwidth@=\dimen110
\lineht@=\dimen111
\@envbody=\toks17
\multlinegap=\skip45
\multlinetaggap=\skip46
\mathdisplay@stack=\toks18
LaTeX Info: Redefining \[ on input line 2665.
LaTeX Info: Redefining \] on input line 2666.
)
("C:\Program Files (x86)\MiKTeX 2.9\tex\latex\graphics\graphicx.sty"
Package: graphicx 1999/02/16 v1.0f Enhanced LaTeX Graphics (DPC,SPQR)

("C:\Program Files (x86)\MiKTeX 2.9\tex\latex\graphics\keyval.sty"
Package: keyval 1999/03/16 v1.13 key=value parser (DPC)
\KV@toks@=\toks19
)
("C:\Program Files (x86)\MiKTeX 2.9\tex\latex\graphics\graphics.sty"
Package: graphics 2009/02/05 v1.0o Standard LaTeX Graphics (DPC,SPQR)

("C:\Program Files (x86)\MiKTeX 2.9\tex\latex\graphics\trig.sty"
Package: trig 1999/03/16 v1.09 sin cos tan (DPC)
)
("C:\Program Files (x86)\MiKTeX 2.9\tex\latex\00miktex\graphics.cfg"
File: graphics.cfg 2007/01/18 v1.5 graphics configuration of teTeX/TeXLive
)
Package graphics Info: Driver file: pdftex.def on input line 91.

("C:\Program Files (x86)\MiKTeX 2.9\tex\latex\pdftex-def\pdftex.def"
File: pdftex.def 2011/05/27 v0.06d Graphics/color for pdfTeX

("C:\Program Files (x86)\MiKTeX 2.9\tex\generic\oberdiek\infwarerr.sty"
Package: infwarerr 2010/04/08 v1.3 Providing info/warning/error messages (HO)
)
("C:\Program Files (x86)\MiKTeX 2.9\tex\generic\oberdiek\ltxcmds.sty"
Package: ltxcmds 2011/11/09 v1.22 LaTeX kernel commands for general use (HO)
)
\Gread@gobject=\count100
))
\Gin@req@height=\dimen112
\Gin@req@width=\dimen113
)
("C:\Program Files (x86)\MiKTeX 2.9\tex\latex\pstricks\pstricks.sty"
Package: pstricks 2013/12/12 v0.60 LaTeX wrapper for `PSTricks' (RN,HV)

("C:\Program Files (x86)\MiKTeX 2.9\tex\generic\oberdiek\ifpdf.sty"
Package: ifpdf 2011/01/30 v2.3 Provides the ifpdf switch (HO)
Package ifpdf Info: pdfTeX in PDF mode is detected.
)
("C:\Program Files (x86)\MiKTeX 2.9\tex\generic\pstricks\base\pstricks.tex"
("C:\Program Files (x86)\MiKTeX 2.9\tex\generic\xkeyval\pst-xkey.tex"
File: pst-xkey.tex 2005/11/25 v1.6 PSTricks specialization of xkeyval (HA)

("C:\Program Files (x86)\MiKTeX 2.9\tex\latex\xkeyval\xkeyval.sty"
Package: xkeyval 2012/10/14 v2.6b package option processing (HA)

("C:\Program Files (x86)\MiKTeX 2.9\tex\generic\xkeyval\xkeyval.tex"
\XKV@toks=\toks20
\XKV@tempa@toks=\toks21
\XKV@depth=\count101
File: xkeyval.tex 2012/10/14 v2.6b key=value parser (HA)
)))
("C:\Program Files (x86)\MiKTeX 2.9\tex\generic\pstricks\base\pst-fp.tex"
`pst-fp' v0.05, 2010/01/17 (hv)
\pstFP@xs=\count102
\pstFP@xia=\count103
\pstFP@xib=\count104
\pstFP@xfa=\count105
\pstFP@xfb=\count106
\pstFP@rega=\count107
\pstFP@regb=\count108
\pstFP@regs=\count109
\pstFP@times=\count110
)
("C:\Program Files (x86)\MiKTeX 2.9\tex\generic\pgf\utilities\pgfutil-common.te
x"
\pgfutil@everybye=\toks22
\pgfutil@tempdima=\dimen114
\pgfutil@tempdimb=\dimen115

("C:\Program Files (x86)\MiKTeX 2.9\tex\generic\pgf\utilities\pgfutil-common-li
sts.tex"))
("C:\Program Files (x86)\MiKTeX 2.9\tex\generic\pgf\utilities\pgfkeys.code.tex"
\pgfkeys@pathtoks=\toks23
\pgfkeys@temptoks=\toks24

("C:\Program Files (x86)\MiKTeX 2.9\tex\generic\pgf\utilities\pgfkeysfiltered.c
ode.tex"
\pgfkeys@tmptoks=\toks25
))
("C:\Program Files (x86)\MiKTeX 2.9\tex\generic\pgf\utilities\pgffor.code.tex"
("C:\Program Files (x86)\MiKTeX 2.9\tex\generic\pgf\math\pgfmath.code.tex"
("C:\Program Files (x86)\MiKTeX 2.9\tex\generic\pgf\math\pgfmathcalc.code.tex"
("C:\Program Files (x86)\MiKTeX 2.9\tex\generic\pgf\math\pgfmathutil.code.tex"
\pgf@x=\dimen116
\pgf@xa=\dimen117
\pgf@xb=\dimen118
\pgf@xc=\dimen119
\pgf@y=\dimen120
\pgf@ya=\dimen121
\pgf@yb=\dimen122
\pgf@yc=\dimen123
\c@pgf@counta=\count111
\c@pgf@countb=\count112
\c@pgf@countc=\count113
\c@pgf@countd=\count114
\pgfutil@tempcnta=\count115
\pgfutil@tempcntb=\count116
) ("C:\Program Files (x86)\MiKTeX 2.9\tex\generic\pgf\math\pgfmathparser.code.t
ex"
\pgfmath@dimen=\dimen124
\pgfmath@count=\count117
\pgfmath@box=\box28
\pgfmath@toks=\toks26
\pgfmath@stack@operand=\toks27
\pgfmath@stack@operation=\toks28
)
("C:\Program Files (x86)\MiKTeX 2.9\tex\generic\pgf\math\pgfmathfunctions.code.
tex"
("C:\Program Files (x86)\MiKTeX 2.9\tex\generic\pgf\math\pgfmathfunctions.basic
.code.tex")
("C:\Program Files (x86)\MiKTeX 2.9\tex\generic\pgf\math\pgfmathfunctions.trigo
nometric.code.tex")
("C:\Program Files (x86)\MiKTeX 2.9\tex\generic\pgf\math\pgfmathfunctions.rando
m.code.tex")
("C:\Program Files (x86)\MiKTeX 2.9\tex\generic\pgf\math\pgfmathfunctions.compa
rison.code.tex")
("C:\Program Files (x86)\MiKTeX 2.9\tex\generic\pgf\math\pgfmathfunctions.base.
code.tex")
("C:\Program Files (x86)\MiKTeX 2.9\tex\generic\pgf\math\pgfmathfunctions.round
.code.tex")
("C:\Program Files (x86)\MiKTeX 2.9\tex\generic\pgf\math\pgfmathfunctions.misc.
code.tex")
("C:\Program Files (x86)\MiKTeX 2.9\tex\generic\pgf\math\pgfmathfunctions.integ
erarithmetics.code.tex")))
("C:\Program Files (x86)\MiKTeX 2.9\tex\generic\pgf\math\pgfmathfloat.code.tex"
\c@pgfmathroundto@lastzeros=\count118
))
\pgffor@iter=\dimen125
\pgffor@skip=\dimen126
\pgffor@stack=\toks29
\pgffor@toks=\toks30
)
\psLoopIndex=\count119

`PSTricks' v2.49b  <2013/12/21> (tvz)
\pst@dima=\dimen127
\pst@dimb=\dimen128
\pst@dimc=\dimen129
\pst@dimd=\dimen130
\pst@dimg=\dimen131
\pst@dimh=\dimen132
\pst@dimm=\dimen133
\pst@dimn=\dimen134
\pst@dimo=\dimen135
\pst@dimp=\dimen136
\pst@hbox=\box29
\pst@ibox=\box30
\pst@boxg=\box31
\pst@cnta=\count120
\pst@cntb=\count121
\pst@cntc=\count122
\pst@cntd=\count123
\pst@cntg=\count124
\pst@cnth=\count125
\pst@cntm=\count126
\pst@cntn=\count127
\pst@cnto=\count128
\pst@cntp=\count129
\@zero=\count130
\pst@toks=\toks31
("C:\Program Files (x86)\MiKTeX 2.9\tex\generic\pstricks\base\pstricks.con")
\psunit=\dimen137
\psxunit=\dimen138
\psyunit=\dimen139
\pst@C@@rType=\count131
\pslinewidth=\dimen140
\psk@startLW=\dimen141
\psk@endLW=\dimen142
\pst@customdefs=\toks32
\pslinearc=\dimen143
\pst@symbolStep=\dimen144
\pst@symbolWidth=\dimen145
\pst@symbolLinewidth=\dimen146
\everypsbox=\toks33
\psframesep=\dimen147
\pslabelsep=\dimen148
\sh@wgridXunit=\dimen149
\sh@wgridYunit=\dimen150
\pst@shift=\dimen151
)
File: pstricks.tex 2013/12/21 v2.49b `PSTricks' (tvz,hv)

("C:\Program Files (x86)\MiKTeX 2.9\tex\generic\pstricks\base\pst-fp.tex")
File: pst-fp.tex 2013/12/21 v2.49b `PST-fp' (hv)

("C:\Program Files (x86)\MiKTeX 2.9\tex\latex\xcolor\xcolor.sty"
Package: xcolor 2007/01/21 v2.11 LaTeX color extensions (UK)

("C:\Program Files (x86)\MiKTeX 2.9\tex\latex\00miktex\color.cfg"
File: color.cfg 2007/01/18 v1.5 color configuration of teTeX/TeXLive
)
Package xcolor Info: Driver file: pdftex.def on input line 225.
Package xcolor Info: Model `cmy' substituted by `cmy0' on input line 1337.
Package xcolor Info: Model `hsb' substituted by `rgb' on input line 1341.
Package xcolor Info: Model `RGB' extended on input line 1353.
Package xcolor Info: Model `HTML' substituted by `rgb' on input line 1355.
Package xcolor Info: Model `Hsb' substituted by `hsb' on input line 1356.
Package xcolor Info: Model `tHsb' substituted by `hsb' on input line 1357.
Package xcolor Info: Model `HSB' substituted by `hsb' on input line 1358.
Package xcolor Info: Model `Gray' substituted by `gray' on input line 1359.
Package xcolor Info: Model `wave' substituted by `hsb' on input line 1360.
))
("C:\Program Files (x86)\MiKTeX 2.9\tex\latex\moreverb\moreverb.sty"
Package: moreverb 2008/06/03 v2.3a `more' verbatim facilities

("C:\Program Files (x86)\MiKTeX 2.9\tex\latex\tools\verbatim.sty"
Package: verbatim 2003/08/22 v1.5q LaTeX2e package for verbatim enhancements
\every@verbatim=\toks34
\verbatim@line=\toks35
\verbatim@in@stream=\read1
)
\tab@position=\count132
\tab@size=\count133
\listing@line=\count134
)
("C:\Program Files (x86)\MiKTeX 2.9\tex\latex\subfigure\subfigure.sty"
Package: subfigure 2002/07/30 v2.1.4 subfigure package
\subfigtopskip=\skip47
\subfigcapskip=\skip48
\subfigcaptopadj=\dimen152
\subfigbottomskip=\skip49
\subfigcapmargin=\dimen153
\subfiglabelskip=\skip50
\c@subfigure=\count135
\c@lofdepth=\count136
\c@subtable=\count137
\c@lotdepth=\count138

****************************************
* Local config file subfigure.cfg used *
****************************************
("C:\Program Files (x86)\MiKTeX 2.9\tex\latex\subfigure\subfigure.cfg")
\subfig@top=\skip51
\subfig@bottom=\skip52
)
("C:\Program Files (x86)\MiKTeX 2.9\tex\latex\misc209\hangcaption.sty"
\captionwidth=\skip53
)
("C:\Program Files (x86)\MiKTeX 2.9\tex\latex\txfonts\txfonts.sty"
Package: txfonts 2008/01/22 v3.2.1
LaTeX Font Info:    Redeclaring symbol font `operators' on input line 21.
LaTeX Font Info:    Overwriting symbol font `operators' in version `normal'
(Font)                  OT1/cmr/m/n --> OT1/txr/m/n on input line 21.
LaTeX Font Info:    Overwriting symbol font `operators' in version `bold'
(Font)                  OT1/cmr/bx/n --> OT1/txr/m/n on input line 21.
LaTeX Font Info:    Overwriting symbol font `operators' in version `bold'
(Font)                  OT1/txr/m/n --> OT1/txr/bx/n on input line 22.
\symitalic=\mathgroup4
LaTeX Font Info:    Overwriting symbol font `italic' in version `bold'
(Font)                  OT1/txr/m/it --> OT1/txr/bx/it on input line 26.
LaTeX Font Info:    Redeclaring math alphabet \mathbf on input line 29.
LaTeX Font Info:    Overwriting math alphabet `\mathbf' in version `normal'
(Font)                  OT1/cmr/bx/n --> OT1/txr/bx/n on input line 29.
LaTeX Font Info:    Overwriting math alphabet `\mathbf' in version `bold'
(Font)                  OT1/cmr/bx/n --> OT1/txr/bx/n on input line 29.
LaTeX Font Info:    Redeclaring math alphabet \mathit on input line 30.
LaTeX Font Info:    Overwriting math alphabet `\mathit' in version `normal'
(Font)                  OT1/cmr/m/it --> OT1/txr/m/it on input line 30.
LaTeX Font Info:    Overwriting math alphabet `\mathit' in version `bold'
(Font)                  OT1/cmr/bx/it --> OT1/txr/m/it on input line 30.
LaTeX Font Info:    Overwriting math alphabet `\mathit' in version `bold'
(Font)                  OT1/txr/m/it --> OT1/txr/bx/it on input line 31.
LaTeX Font Info:    Redeclaring math alphabet \mathsf on input line 40.
LaTeX Font Info:    Overwriting math alphabet `\mathsf' in version `normal'
(Font)                  OT1/cmss/m/n --> OT1/txss/m/n on input line 40.
LaTeX Font Info:    Overwriting math alphabet `\mathsf' in version `bold'
(Font)                  OT1/cmss/bx/n --> OT1/txss/m/n on input line 40.
LaTeX Font Info:    Overwriting math alphabet `\mathsf' in version `bold'
(Font)                  OT1/txss/m/n --> OT1/txss/b/n on input line 41.
LaTeX Font Info:    Redeclaring math alphabet \mathtt on input line 50.
LaTeX Font Info:    Overwriting math alphabet `\mathtt' in version `normal'
(Font)                  OT1/cmtt/m/n --> OT1/txtt/m/n on input line 50.
LaTeX Font Info:    Overwriting math alphabet `\mathtt' in version `bold'
(Font)                  OT1/cmtt/m/n --> OT1/txtt/m/n on input line 50.
LaTeX Font Info:    Overwriting math alphabet `\mathtt' in version `bold'
(Font)                  OT1/txtt/m/n --> OT1/txtt/b/n on input line 51.
LaTeX Font Info:    Redeclaring symbol font `letters' on input line 58.
LaTeX Font Info:    Overwriting symbol font `letters' in version `normal'
(Font)                  OML/cmm/m/it --> OML/txmi/m/it on input line 58.
LaTeX Font Info:    Overwriting symbol font `letters' in version `bold'
(Font)                  OML/cmm/b/it --> OML/txmi/m/it on input line 58.
LaTeX Font Info:    Overwriting symbol font `letters' in version `bold'
(Font)                  OML/txmi/m/it --> OML/txmi/bx/it on input line 59.
\symlettersA=\mathgroup5
LaTeX Font Info:    Overwriting symbol font `lettersA' in version `bold'
(Font)                  U/txmia/m/it --> U/txmia/bx/it on input line 67.
LaTeX Font Info:    Redeclaring symbol font `symbols' on input line 77.
LaTeX Font Info:    Overwriting symbol font `symbols' in version `normal'
(Font)                  OMS/cmsy/m/n --> OMS/txsy/m/n on input line 77.
LaTeX Font Info:    Overwriting symbol font `symbols' in version `bold'
(Font)                  OMS/cmsy/b/n --> OMS/txsy/m/n on input line 77.
LaTeX Font Info:    Overwriting symbol font `symbols' in version `bold'
(Font)                  OMS/txsy/m/n --> OMS/txsy/bx/n on input line 78.
\symAMSa=\mathgroup6
LaTeX Font Info:    Overwriting symbol font `AMSa' in version `bold'
(Font)                  U/txsya/m/n --> U/txsya/bx/n on input line 94.
\symAMSb=\mathgroup7
LaTeX Font Info:    Overwriting symbol font `AMSb' in version `bold'
(Font)                  U/txsyb/m/n --> U/txsyb/bx/n on input line 103.
\symsymbolsC=\mathgroup8
LaTeX Font Info:    Overwriting symbol font `symbolsC' in version `bold'
(Font)                  U/txsyc/m/n --> U/txsyc/bx/n on input line 113.
LaTeX Font Info:    Redeclaring symbol font `largesymbols' on input line 120.
LaTeX Font Info:    Overwriting symbol font `largesymbols' in version `normal'
(Font)                  OMX/cmex/m/n --> OMX/txex/m/n on input line 120.
LaTeX Font Info:    Overwriting symbol font `largesymbols' in version `bold'
(Font)                  OMX/cmex/m/n --> OMX/txex/m/n on input line 120.
LaTeX Font Info:    Overwriting symbol font `largesymbols' in version `bold'
(Font)                  OMX/txex/m/n --> OMX/txex/bx/n on input line 121.
\symlargesymbolsA=\mathgroup9
LaTeX Font Info:    Overwriting symbol font `largesymbolsA' in version `bold'
(Font)                  U/txexa/m/n --> U/txexa/bx/n on input line 129.
LaTeX Info: Redefining \not on input line 1043.
)
("C:\Program Files (x86)\MiKTeX 2.9\tex\latex\psnfss\palatino.sty"
Package: palatino 2005/04/12 PSNFSS-v9.2a (SPQR) 
)
("C:\Program Files (x86)\MiKTeX 2.9\tex\latex\tools\longtable.sty"
Package: longtable 2004/02/01 v4.11 Multi-page Table package (DPC)
\LTleft=\skip54
\LTright=\skip55
\LTpre=\skip56
\LTpost=\skip57
\LTchunksize=\count139
\LTcapwidth=\dimen154
\LT@head=\box32
\LT@firsthead=\box33
\LT@foot=\box34
\LT@lastfoot=\box35
\LT@cols=\count140
\LT@rows=\count141
\c@LT@tables=\count142
\c@LT@chunks=\count143
\LT@p@ftn=\toks36
)
("C:\Program Files (x86)\MiKTeX 2.9\tex\latex\algorithmicx\algpseudocode.sty"
Package: algpseudocode 

("C:\Program Files (x86)\MiKTeX 2.9\tex\latex\base\ifthen.sty"
Package: ifthen 2001/05/26 v1.1c Standard LaTeX ifthen package (DPC)
)
("C:\Program Files (x86)\MiKTeX 2.9\tex\latex\algorithmicx\algorithmicx.sty"
Package: algorithmicx 2005/04/27 v1.2 Algorithmicx

Document Style algorithmicx 1.2 - a greatly improved `algorithmic' style
\c@ALG@line=\count144
\c@ALG@rem=\count145
\c@ALG@nested=\count146
\ALG@tlm=\skip58
\ALG@thistlm=\skip59
\c@ALG@Lnr=\count147
\c@ALG@blocknr=\count148
\c@ALG@storecount=\count149
\c@ALG@tmpcounter=\count150
\ALG@tmplength=\skip60
)
Document Style - pseudocode environments for use with the `algorithmicx' style
) ("C:\Program Files (x86)\MiKTeX 2.9\tex\latex\algorithms\algorithm.sty"
Package: algorithm 2009/08/24 v0.1 Document Style `algorithm' - floating enviro
nment

("C:\Program Files (x86)\MiKTeX 2.9\tex\latex\float\float.sty"
Package: float 2001/11/08 v1.3d Float enhancements (AL)
\c@float@type=\count151
\float@exts=\toks37
\float@box=\box36
\@float@everytoks=\toks38
\@floatcapt=\box37
)
\@float@every@algorithm=\toks39
\c@algorithm=\count152
)
("C:\Program Files (x86)\MiKTeX 2.9\tex\latex\biblatex\biblatex.sty"
Package: biblatex 2015/04/19 v3.0 programmable bibliographies (PK/JW/AB)

("C:\Program Files (x86)\MiKTeX 2.9\tex\latex\biblatex\biblatex1.sty"
Package: biblatex1 2015/04/19 v3.0 programmable bibliographies (bibtex) (PK/JW/
AB)

("C:\Program Files (x86)\MiKTeX 2.9\tex\latex\etoolbox\etoolbox.sty"
Package: etoolbox 2015/05/04 v2.2 e-TeX tools for LaTeX (JAW)

("C:\Program Files (x86)\MiKTeX 2.9\tex\latex\misc\etex.sty"
Package: etex 1998/03/26 v2.0 eTeX basic definition package (PEB)
\et@xins=\count153
)
\etb@tempcnta=\count154
)
("C:\Program Files (x86)\MiKTeX 2.9\tex\latex\logreq\logreq.sty"
Package: logreq 2010/08/04 v1.0 xml request logger
\lrq@indent=\count155

("C:\Program Files (x86)\MiKTeX 2.9\tex\latex\logreq\logreq.def"
File: logreq.def 2010/08/04 v1.0 logreq spec v1.0
))
("C:\Program Files (x86)\MiKTeX 2.9\tex\latex\url\url.sty"
\Urlmuskip=\muskip11
Package: url 2013/09/16  ver 3.4  Verb mode for urls, etc.
)
\c@tabx@nest=\count156
\c@listtotal=\count157
\c@listcount=\count158
\c@liststart=\count159
\c@liststop=\count160
\c@citecount=\count161
\c@citetotal=\count162
\c@multicitecount=\count163
\c@multicitetotal=\count164
\c@instcount=\count165
\c@maxnames=\count166
\c@minnames=\count167
\c@maxitems=\count168
\c@minitems=\count169
\c@citecounter=\count170
\c@savedcitecounter=\count171
\c@uniquelist=\count172
\c@uniquename=\count173
\c@refsection=\count174
\c@refsegment=\count175
\c@maxextrayear=\count176
\c@maxextraalpha=\count177
\c@abbrvpenalty=\count178
\c@highnamepenalty=\count179
\c@lownamepenalty=\count180
\c@maxparens=\count181
\c@parenlevel=\count182
\blx@tempcnta=\count183
\blx@tempcntb=\count184
\blx@tempcntc=\count185
\blx@maxsection=\count186
\blx@maxsegment=\count187
\blx@notetype=\count188
\blx@parenlevel@text=\count189
\blx@parenlevel@foot=\count190
\labelnumberwidth=\skip61
\labelalphawidth=\skip62
\shorthandwidth=\skip63
\biblabelsep=\skip64
\bibitemsep=\skip65
\bibnamesep=\skip66
\bibinitsep=\skip67
\bibparsep=\skip68
\bibhang=\skip69
\blx@auxin=\read2
\blx@auxout=\write3
\c@mincomprange=\count191
\c@maxcomprange=\count192
\c@mincompwidth=\count193
\c@labelname=\count194
\c@savedlabelname=\count195
\c@author=\count196
\c@savedauthor=\count197
\c@shortauthor=\count198
\c@savedshortauthor=\count199
\c@editor=\count200
\c@savededitor=\count201
\c@editora=\count202
\c@savededitora=\count203
\c@editorb=\count204
\c@savededitorb=\count205
\c@editorc=\count206
\c@savededitorc=\count207
\c@shorteditor=\count208
\c@savedshorteditor=\count209
\c@bookauthor=\count210
\c@savedbookauthor=\count211
\c@translator=\count212
\c@savedtranslator=\count213
\c@annotator=\count214
\c@savedannotator=\count215
\c@commentator=\count216
\c@savedcommentator=\count217
\c@introduction=\count218
\c@savedintroduction=\count219
\c@foreword=\count220
\c@savedforeword=\count221
\c@afterword=\count222
\c@savedafterword=\count223
\c@holder=\count224
\c@savedholder=\count225
\c@namea=\count226
\c@savednamea=\count227
\c@nameb=\count228
\c@savednameb=\count229
\c@namec=\count230
\c@savednamec=\count231
\c@institution=\count232
\c@savedinstitution=\count233
Normal \count register pool exhausted, switching to extended pool.
\c@language=\count277
\c@savedlanguage=\count278
\c@location=\count279
\c@savedlocation=\count280
\c@organization=\count281
\c@savedorganization=\count282
\c@origlocation=\count283
\c@savedoriglocation=\count284
\c@origpublisher=\count285
\c@savedorigpublisher=\count286
\c@pageref=\count287
\c@savedpageref=\count288
\c@publisher=\count289
\c@savedpublisher=\count290
\c@lista=\count291
\c@savedlista=\count292
\c@listb=\count293
\c@savedlistb=\count294
\c@listc=\count295
\c@savedlistc=\count296
\c@listd=\count297
\c@savedlistd=\count298
\c@liste=\count299
\c@savedliste=\count300
\c@listf=\count301
\c@savedlistf=\count302
Package biblatex Info: Trying to load compatibility code...
Package biblatex Info: ... file 'blx-compat.def' found.

("C:\Program Files (x86)\MiKTeX 2.9\tex\latex\biblatex\blx-compat.def"
File: blx-compat.def 2015/04/19 v3.0 biblatex compatibility (PK/JW/AB)
)
Package biblatex Info: Trying to load generic definitions...
Package biblatex Info: ... file 'biblatex.def' found.

("C:\Program Files (x86)\MiKTeX 2.9\tex\latex\biblatex\biblatex.def"
File: biblatex.def 
\c@textcitecount=\count303
\c@textcitetotal=\count304
\c@textcitemaxnames=\count305
\c@biburlnumpenalty=\count306
\c@biburlucpenalty=\count307
\c@biburllcpenalty=\count308
\c@smartand=\count309
)
Package biblatex Info: Trying to load bibliography style 'numeric'...
Package biblatex Info: ... file 'numeric.bbx' found.

("C:\Program Files (x86)\MiKTeX 2.9\tex\latex\biblatex\bbx\numeric.bbx"
File: numeric.bbx 2015/04/19 v3.0 biblatex bibliography style (PK/JW/AB)
Package biblatex Info: Trying to load bibliography style 'standard'...
Package biblatex Info: ... file 'standard.bbx' found.

("C:\Program Files (x86)\MiKTeX 2.9\tex\latex\biblatex\bbx\standard.bbx"
File: standard.bbx 2015/04/19 v3.0 biblatex bibliography style (PK/JW/AB)
\c@bbx:relatedcount=\count310
\c@bbx:relatedtotal=\count311
))
Package biblatex Info: Trying to load citation style 'numeric'...
Package biblatex Info: ... file 'numeric.cbx' found.

("C:\Program Files (x86)\MiKTeX 2.9\tex\latex\biblatex\cbx\numeric.cbx"
File: numeric.cbx 2015/04/19 v3.0 biblatex citation style (PK/JW/AB)
Package biblatex Info: Redefining '\cite'.
Package biblatex Info: Redefining '\parencite'.
Package biblatex Info: Redefining '\footcite'.
Package biblatex Info: Redefining '\footcitetext'.
Package biblatex Info: Redefining '\smartcite'.
Package biblatex Info: Redefining '\supercite'.
Package biblatex Info: Redefining '\textcite'.
Package biblatex Info: Redefining '\textcites'.
Package biblatex Info: Redefining '\cites'.
Package biblatex Info: Redefining '\parencites'.
Package biblatex Info: Redefining '\smartcites'.
)
Package biblatex Info: Trying to load configuration file...
Package biblatex Info: ... file 'biblatex.cfg' found.

("C:\Program Files (x86)\MiKTeX 2.9\tex\latex\biblatex\biblatex.cfg"
File: biblatex.cfg 
)))
Package biblatex Info: Trying to load language 'english'...
Package biblatex Info: ... file 'english.lbx' found.

("C:\Program Files (x86)\MiKTeX 2.9\tex\latex\biblatex\lbx\english.lbx"
File: english.lbx 2015/04/19 v3.0 biblatex localization (PK/JW/AB)
)
\@quotelevel=\count312
\@quotereset=\count313

(C:\Users\jd537\Documents\Thesis\test-repo\Thesis\main.aux
(C:\Users\jd537\Documents\Thesis\test-repo\Thesis\superfluouscrap.aux)
(C:\Users\jd537\Documents\Thesis\test-repo\Thesis\introduction.aux)
(C:\Users\jd537\Documents\Thesis\test-repo\Thesis\relatedwork.aux)
(C:\Users\jd537\Documents\Thesis\test-repo\Thesis\inputcontent.aux)
(C:\Users\jd537\Documents\Thesis\test-repo\Thesis\creatingstrokes.aux)
(C:\Users\jd537\Documents\Thesis\test-repo\Thesis\sketchingin3d.aux)
(C:\Users\jd537\Documents\Thesis\test-repo\Thesis\drawinglines.aux))
LaTeX Font Info:    Checking defaults for OML/txmi/m/it on input line 53.
LaTeX Font Info:    Try loading font information for OML+txmi on input line 53.


("C:\Program Files (x86)\MiKTeX 2.9\tex\latex\txfonts\omltxmi.fd"
File: omltxmi.fd 2000/12/15 v3.1
)
LaTeX Font Info:    ... okay on input line 53.
LaTeX Font Info:    Checking defaults for T1/cmr/m/n on input line 53.
LaTeX Font Info:    ... okay on input line 53.
LaTeX Font Info:    Checking defaults for OT1/cmr/m/n on input line 53.
LaTeX Font Info:    ... okay on input line 53.
LaTeX Font Info:    Checking defaults for OMS/txsy/m/n on input line 53.
LaTeX Font Info:    Try loading font information for OMS+txsy on input line 53.


("C:\Program Files (x86)\MiKTeX 2.9\tex\latex\txfonts\omstxsy.fd"
File: omstxsy.fd 2000/12/15 v3.1
)
LaTeX Font Info:    ... okay on input line 53.
LaTeX Font Info:    Checking defaults for OMX/txex/m/n on input line 53.
LaTeX Font Info:    Try loading font information for OMX+txex on input line 53.


("C:\Program Files (x86)\MiKTeX 2.9\tex\latex\txfonts\omxtxex.fd"
File: omxtxex.fd 2000/12/15 v3.1
)
LaTeX Font Info:    ... okay on input line 53.
LaTeX Font Info:    Checking defaults for U/txexa/m/n on input line 53.
LaTeX Font Info:    Try loading font information for U+txexa on input line 53.

("C:\Program Files (x86)\MiKTeX 2.9\tex\latex\txfonts\utxexa.fd"
File: utxexa.fd 2000/12/15 v3.1
)
LaTeX Font Info:    ... okay on input line 53.
LaTeX Font Info:    Try loading font information for OT1+ppl on input line 53.

("C:\Program Files (x86)\MiKTeX 2.9\tex\latex\psnfss\ot1ppl.fd"
File: ot1ppl.fd 2001/06/04 font definitions for OT1/ppl.
)
("C:\Program Files (x86)\MiKTeX 2.9\tex\context\base\supp-pdf.mkii"
[Loading MPS to PDF converter (version 2006.09.02).]
\scratchcounter=\count314
\scratchdimen=\dimen155
\scratchbox=\box38
\nofMPsegments=\count315
\nofMParguments=\count316
\everyMPshowfont=\toks40
\MPscratchCnt=\count317
\MPscratchDim=\dimen156
\MPnumerator=\count318
\makeMPintoPDFobject=\count319
\everyMPtoPDFconversion=\toks41
)
Package biblatex Info: No input encoding detected.
(biblatex)             Assuming 'ascii'.
Package biblatex Info: Automatic encoding selection.
(biblatex)             Assuming data encoding 'ascii'.
Package biblatex Info: Trying to load bibliographic data...
Package biblatex Info: ... file 'main.bbl' found.
 (C:\Users\jd537\Documents\Thesis\test-repo\Thesis\main.bbl)
Package biblatex Info: Reference section=0 on input line 53.
Package biblatex Info: Reference segment=0 on input line 53.

Title page
[1
Non-PDF special ignored!
Non-PDF special ignored!
Non-PDF special ignored!
Non-PDF special ignored!


Non-PDF special ignored!
Non-PDF special ignored!
Non-PDF special ignored!{C:/ProgramData/MiKTeX/2.9/pdftex/config/pdftex.map}]
Copyleft page
LaTeX Font Info:    Try loading font information for OMS+ppl on input line 56.
("C:\Program Files (x86)\MiKTeX 2.9\tex\latex\psnfss\omsppl.fd"
File: omsppl.fd 
)
LaTeX Font Info:    Font shape `OMS/ppl/m/n' in size <12> not available
(Font)              Font shape `OMS/cmsy/m/n' tried instead on input line 56.
 [2

]
(C:\Users\jd537\Documents\Thesis\test-repo\Thesis\superfluouscrap.tex
Abstract
LaTeX Font Info:    Font shape `OT1/ppl/bx/n' in size <12> not available
(Font)              Font shape `OT1/ppl/b/n' tried instead on input line 1.
[3


]
Vita
[3


] [4

] [5


]) (C:\Users\jd537\Documents\Thesis\test-repo\Thesis\main.toc
LaTeX Font Info:    Try loading font information for OT1+txr on input line 3.

("C:\Program Files (x86)\MiKTeX 2.9\tex\latex\txfonts\ot1txr.fd"
File: ot1txr.fd 2000/12/15 v3.1
)
LaTeX Font Info:    Try loading font information for U+txmia on input line 3.

("C:\Program Files (x86)\MiKTeX 2.9\tex\latex\txfonts\utxmia.fd"
File: utxmia.fd 2000/12/15 v3.1
)
LaTeX Font Info:    Try loading font information for U+txsya on input line 3.

("C:\Program Files (x86)\MiKTeX 2.9\tex\latex\txfonts\utxsya.fd"
File: utxsya.fd 2000/12/15 v3.1
)
LaTeX Font Info:    Try loading font information for U+txsyb on input line 3.

("C:\Program Files (x86)\MiKTeX 2.9\tex\latex\txfonts\utxsyb.fd"
File: utxsyb.fd 2000/12/15 v3.1
)
LaTeX Font Info:    Try loading font information for U+txsyc on input line 3.

("C:\Program Files (x86)\MiKTeX 2.9\tex\latex\txfonts\utxsyc.fd"
File: utxsyc.fd 2000/12/15 v3.1
) [6



])
\tf@toc=\write4
 [7]
(C:\Users\jd537\Documents\Thesis\test-repo\Thesis\main.lot)
\tf@lot=\write5
 [8


]
(C:\Users\jd537\Documents\Thesis\test-repo\Thesis\main.lof [9


])
\tf@lof=\write6
 [10]
(C:\Users\jd537\Documents\Thesis\test-repo\Thesis\introduction.tex
Chapter 1.
[1



] [2]) [3] (C:\Users\jd537\Documents\Thesis\test-repo\Thesis\relatedwork.tex
Chapter 2.
LaTeX Font Info:    Font shape `OT1/ppl/bx/n' in size <14.4> not available
(Font)              Font shape `OT1/ppl/b/n' tried instead on input line 4.
<Images/raster.jpg, id=51, 803.0pt x 301.125pt>
File: Images/raster.jpg Graphic file (type jpg)
 <use Images/raster.jpg>
Package pdftex.def Info: Images/raster.jpg used on input line 20.
(pdftex.def)             Requested size: 419.16621pt x 157.1924pt.

Overfull \hbox (6.79999pt too wide) in paragraph at lines 20--21
[][]
 []

[4



] <Images/sketchbook.jpg, id=55, 488.58592pt x 366.43944pt>
File: Images/sketchbook.jpg Graphic file (type jpg)

<use Images/sketchbook.jpg>
Package pdftex.def Info: Images/sketchbook.jpg used on input line 38.
(pdftex.def)             Requested size: 419.16621pt x 314.3881pt.
 <Images/vector.jpg, id=56, 803.0pt x 301.125pt>
File: Images/vector.jpg Graphic file (type jpg)

<use Images/vector.jpg>
Package pdftex.def Info: Images/vector.jpg used on input line 48.
(pdftex.def)             Requested size: 419.16621pt x 157.1924pt.

Overfull \hbox (6.79999pt too wide) in paragraph at lines 48--50
[][]
 []

[5 <C:/Users/jd537/Documents/Thesis/test-repo/Thesis/Images/raster.jpg>]
[6 <C:/Users/jd537/Documents/Thesis/test-repo/Thesis/Images/sketchbook.jpg>]
[7 <C:/Users/jd537/Documents/Thesis/test-repo/Thesis/Images/vector.jpg>]
[8] <Images/infinitecanvas1.png, id=70, 365.11406pt x 292.84406pt>
File: Images/infinitecanvas1.png Graphic file (type png)

<use Images/infinitecanvas1.png>
Package pdftex.def Info: Images/infinitecanvas1.png used on input line 90.
(pdftex.def)             Requested size: 188.6235pt x 151.28778pt.

<Images/infinitecanvas2.png, id=72, 381.67593pt x 312.41719pt>
File: Images/infinitecanvas2.png Graphic file (type png)

<use Images/infinitecanvas2.png>
Package pdftex.def Info: Images/infinitecanvas2.png used on input line 91.
(pdftex.def)             Requested size: 188.6235pt x 154.3967pt.

<Images/CATIA2.png, id=73, 961.34157pt x 539.76656pt>
File: Images/CATIA2.png Graphic file (type png)
 <use Images/CATIA2.png>
Package pdftex.def Info: Images/CATIA2.png used on input line 106.
(pdftex.def)             Requested size: 419.16621pt x 235.35661pt.

<Images/CATIA3.png, id=74, 241.65282pt x 159.59625pt>
File: Images/CATIA3.png Graphic file (type png)
 <use Images/CATIA3.png>
Package pdftex.def Info: Images/CATIA3.png used on input line 107.
(pdftex.def)             Requested size: 419.16621pt x 276.86235pt.

[9 <C:/Users/jd537/Documents/Thesis/test-repo/Thesis/Images/infinitecanvas1.png
> <C:/Users/jd537/Documents/Thesis/test-repo/Thesis/Images/infinitecanvas2.png>
] [10] [11 <C:/Users/jd537/Documents/Thesis/test-repo/Thesis/Images/CATIA2.png>
 <C:/Users/jd537/Documents/Thesis/test-repo/Thesis/Images/CATIA3.png>]
<Images/Hyve3D1.png, id=88, 550.30594pt x 261.22594pt>
File: Images/Hyve3D1.png Graphic file (type png)

<use Images/Hyve3D1.png>
Package pdftex.def Info: Images/Hyve3D1.png used on input line 135.
(pdftex.def)             Requested size: 419.16621pt x 198.9802pt.

<Images/Hyve3D2.png, id=89, 552.56438pt x 261.97874pt>
File: Images/Hyve3D2.png Graphic file (type png)

<use Images/Hyve3D2.png>
Package pdftex.def Info: Images/Hyve3D2.png used on input line 136.
(pdftex.def)             Requested size: 419.16621pt x 198.73015pt.

<Images/gravity2.png, id=90, 512.66531pt x 261.22594pt>
File: Images/gravity2.png Graphic file (type png)

<use Images/gravity2.png>
Package pdftex.def Info: Images/gravity2.png used on input line 151.
(pdftex.def)             Requested size: 419.16621pt x 213.58482pt.
 [12] [13 <C:/Users/jd537/Documents/Thesis/test-repo/Thesis/Images/Hyve3D1.png>
 <C:/Users/jd537/Documents/Thesis/test-repo/Thesis/Images/Hyve3D2.png>] <Images
/tiltbrush.png, id=99, 1445.4pt x 903.375pt>
File: Images/tiltbrush.png Graphic file (type png)

<use Images/tiltbrush.png>
Package pdftex.def Info: Images/tiltbrush.png used on input line 164.
(pdftex.def)             Requested size: 419.16621pt x 261.97205pt.
 [14 <C:/Users/jd537/Documents/Thesis/test-repo/Thesis/Images/gravity2.png>] [1
5 <C:/Users/jd537/Documents/Thesis/test-repo/Thesis/Images/tiltbrush.png>] <Ima
ges/pq1.png, id=108, 966.61125pt x 542.025pt>
File: Images/pq1.png Graphic file (type png)

<use Images/pq1.png>
Package pdftex.def Info: Images/pq1.png used on input line 180.
(pdftex.def)             Requested size: 419.16621pt x 235.04288pt.

Overfull \hbox (6.79999pt too wide) in paragraph at lines 180--182
[][]
 []

) [16 <C:/Users/jd537/Documents/Thesis/test-repo/Thesis/Images/pq1.png>]
[17] (C:\Users\jd537\Documents\Thesis\test-repo\Thesis\inputcontent.tex
Chapter 3.

Underfull \hbox (badness 1484) in paragraph at lines 19--20
\OT1/ppl/m/n/12 In hu-man com-puter in-ter-ac-tion, a modal-ity is a chan-nel o
f sen-sory in-
 []

[18



] [19] [20] [21] [22] [23] [24]
<Images/resistive.jpg, id=139, 444.15938pt x 333.49594pt>
File: Images/resistive.jpg Graphic file (type jpg)

<use Images/resistive.jpg>
Package pdftex.def Info: Images/resistive.jpg used on input line 132.
(pdftex.def)             Requested size: 410.7811pt x 308.4331pt.
LaTeX Font Info:    Try loading font information for OML+ppl on input line 146.


("C:\Program Files (x86)\MiKTeX 2.9\tex\latex\psnfss\omlppl.fd"
File: omlppl.fd 
)
LaTeX Font Info:    Font shape `OML/ppl/m/n' in size <12> not available
(Font)              Font shape `OML/cmm/m/it' tried instead on input line 146.
 [25] [26 <C:/Users/jd537/Documents/Thesis/test-repo/Thesis/Images/resistive.jp
g>]
<Images/saw.jpg, id=148, 589.20125pt x 450.68375pt>
File: Images/saw.jpg Graphic file (type jpg)
 <use Images/saw.jpg>
Package pdftex.def Info: Images/saw.jpg used on input line 151.
(pdftex.def)             Requested size: 410.7811pt x 314.21112pt.

Underfull \hbox (badness 10000) in paragraph at lines 151--152
[][]
 []

[27 <C:/Users/jd537/Documents/Thesis/test-repo/Thesis/Images/saw.jpg>] [28]
<Images/surcap.jpg, id=155, 592.2125pt x 444.66125pt>
File: Images/surcap.jpg Graphic file (type jpg)
 <use Images/surcap.jpg>
Package pdftex.def Info: Images/surcap.jpg used on input line 192.
(pdftex.def)             Requested size: 410.7811pt x 308.44498pt.

Underfull \hbox (badness 10000) in paragraph at lines 192--193
[][]
 []

[29] [30 <C:/Users/jd537/Documents/Thesis/test-repo/Thesis/Images/surcap.jpg>]
<Images/projcap.jpg, id=162, 592.2125pt x 444.66125pt>
File: Images/projcap.jpg Graphic file (type jpg)

<use Images/projcap.jpg>
Package pdftex.def Info: Images/projcap.jpg used on input line 227.
(pdftex.def)             Requested size: 410.7811pt x 308.44498pt.

Underfull \hbox (badness 10000) in paragraph at lines 227--228
[][]
 []

[31] [32 <C:/Users/jd537/Documents/Thesis/test-repo/Thesis/Images/projcap.jpg>]

Underfull \hbox (badness 10000) in paragraph at lines 263--263
[]\OT1/ppl/b/n/12 Maximum Sin-gle User
 []

[33] [34] <Images/CoreGestures.png, id=176, 552.0625pt x 501.875pt>
File: Images/CoreGestures.png Graphic file (type png)

<use Images/CoreGestures.png>
Package pdftex.def Info: Images/CoreGestures.png used on input line 314.
(pdftex.def)             Requested size: 419.16621pt x 381.07669pt.

Overfull \hbox (6.79999pt too wide) in paragraph at lines 314--315
[][]
 []

[35] [36 <C:/Users/jd537/Documents/Thesis/test-repo/Thesis/Images/CoreGestures.
png>] [37] <Images/pen-gestures.png, id=187, 410.53375pt x 325.215pt>
File: Images/pen-gestures.png Graphic file (type png)

<use Images/pen-gestures.png>
Package pdftex.def Info: Images/pen-gestures.png used on input line 358.
(pdftex.def)             Requested size: 419.16621pt x 332.05235pt.
 [38] [39 <C:/Users/jd537/Documents/Thesis/test-repo/Thesis/Images/pen-gestures
.png>]) [40]
(C:\Users\jd537\Documents\Thesis\test-repo\Thesis\creatingstrokes.tex
Chapter 4.
<Images/stroke.jpg, id=198, 121.26906pt x 85.42314pt>
File: Images/stroke.jpg Graphic file (type jpg)
 <use Images/stroke.jpg>
Package pdftex.def Info: Images/stroke.jpg used on input line 19.
(pdftex.def)             Requested size: 410.7811pt x 289.40248pt.

Underfull \hbox (badness 10000) in paragraph at lines 19--20
[][]
 []

[41



] <Images/sketchinput.png, id=202, 516.42938pt x 516.42938pt>
File: Images/sketchinput.png Graphic file (type png)

<use Images/sketchinput.png>
Package pdftex.def Info: Images/sketchinput.png used on input line 35.
(pdftex.def)             Requested size: 201.19798pt x 201.19388pt.

<Images/rawinput.png, id=203, 516.42938pt x 516.42938pt>
File: Images/rawinput.png Graphic file (type png)

<use Images/rawinput.png>
Package pdftex.def Info: Images/rawinput.png used on input line 36.
(pdftex.def)             Requested size: 201.19798pt x 201.19388pt.
 [42 <C:/Users/jd537/Documents/Thesis/test-repo/Thesis/Images/stroke.jpg>] [43 
<C:/Users/jd537/Documents/Thesis/test-repo/Thesis/Images/sketchinput.png> <C:/U
sers/jd537/Documents/Thesis/test-repo/Thesis/Images/rawinput.png>]
Missing character: There is no Ã in font pplr7t!
Missing character: There is no © in font pplr7t!
Missing character: There is no Ã in font pplr7t!
Missing character: There is no © in font pplr7t!


Package amsmath Warning: Foreign command \atopwithdelims;
(amsmath)                \frac or \genfrac should be used instead
(amsmath)                 on input line 70.

[44]
Missing character: There is no Ã in font pplr7t!
Missing character: There is no © in font pplr7t!
Missing character: There is no Ã in font pplr7t!
Missing character: There is no © in font pplr7t!
 <Images/staircase01.png, id=219, 255.5949pt x 245.4771pt>
File: Images/staircase01.png Graphic file (type png)

<use Images/staircase01.png>
Package pdftex.def Info: Images/staircase01.png used on input line 95.
(pdftex.def)             Requested size: 134.13625pt x 128.82495pt.

<Images/staircase02.png, id=220, 255.5949pt x 245.4771pt>
File: Images/staircase02.png Graphic file (type png)

<use Images/staircase02.png>
Package pdftex.def Info: Images/staircase02.png used on input line 96.
(pdftex.def)             Requested size: 134.13625pt x 128.82495pt.

<Images/staircase03.png, id=221, 255.5949pt x 245.4771pt>
File: Images/staircase03.png Graphic file (type png)

<use Images/staircase03.png>
Package pdftex.def Info: Images/staircase03.png used on input line 97.
(pdftex.def)             Requested size: 134.13625pt x 128.82495pt.

<Images/splineartifact.png, id=222, 489.32813pt x 349.305pt>
File: Images/splineartifact.png Graphic file (type png)

<use Images/splineartifact.png>
Package pdftex.def Info: Images/splineartifact.png used on input line 105.
(pdftex.def)             Requested size: 251.50227pt x 179.5343pt.
 [45] [46 <C:/Users/jd537/Documents/Thesis/test-repo/Thesis/Images/staircase01.
png (PNG copy)> <C:/Users/jd537/Documents/Thesis/test-repo/Thesis/Images/stairc
ase02.png (PNG copy)> <C:/Users/jd537/Documents/Thesis/test-repo/Thesis/Images/
staircase03.png (PNG copy)> <C:/Users/jd537/Documents/Thesis/test-repo/Thesis/I
mages/splineartifact.png>]
<Images/subdiv1.png, id=229, 203.0787pt x 203.0787pt>
File: Images/subdiv1.png Graphic file (type png)
 <use Images/subdiv1.png>
Package pdftex.def Info: Images/subdiv1.png used on input line 135.
(pdftex.def)             Requested size: 134.13625pt x 134.13461pt.

<Images/subdiv2.png, id=230, 201.6333pt x 201.8742pt>
File: Images/subdiv2.png Graphic file (type png)
 <use Images/subdiv2.png>
Package pdftex.def Info: Images/subdiv2.png used on input line 136.
(pdftex.def)             Requested size: 134.13625pt x 134.3001pt.

<Images/subdiv3.png, id=231, 202.356pt x 202.1151pt>
File: Images/subdiv3.png Graphic file (type png)
 <use Images/subdiv3.png>
Package pdftex.def Info: Images/subdiv3.png used on input line 137.
(pdftex.def)             Requested size: 134.13625pt x 133.98233pt.

<Images/subdiv5.png, id=232, 201.8742pt x 202.1151pt>
File: Images/subdiv5.png Graphic file (type png)
 <use Images/subdiv5.png>
Package pdftex.def Info: Images/subdiv5.png used on input line 138.
(pdftex.def)             Requested size: 134.13625pt x 134.30307pt.

<Images/subdiv4.png, id=233, 201.6333pt x 201.8742pt>
File: Images/subdiv4.png Graphic file (type png)
 <use Images/subdiv4.png>
Package pdftex.def Info: Images/subdiv4.png used on input line 139.
(pdftex.def)             Requested size: 134.13625pt x 134.3001pt.

[47] [48 <C:/Users/jd537/Documents/Thesis/test-repo/Thesis/Images/subdiv1.png> 
<C:/Users/jd537/Documents/Thesis/test-repo/Thesis/Images/subdiv2.png> <C:/Users
/jd537/Documents/Thesis/test-repo/Thesis/Images/subdiv3.png> <C:/Users/jd537/Do
cuments/Thesis/test-repo/Thesis/Images/subdiv5.png> <C:/Users/jd537/Documents/T
hesis/test-repo/Thesis/Images/subdiv4.png>]
Missing character: There is no Ã in font pplr7t!
Missing character: There is no © in font pplr7t!
Missing character: There is no Ã in font pplr7t!
Missing character: There is no © in font pplr7t!
) [49] [50]
(C:\Users\jd537\Documents\Thesis\test-repo\Thesis\sketchingin3d.tex
Chapter 5.
<Images/raytracediagram.png, id=252, 878.28125pt x 584.1825pt>
File: Images/raytracediagram.png Graphic file (type png)

<use Images/raytracediagram.png>
Package pdftex.def Info: Images/raytracediagram.png used on input line 17.
(pdftex.def)             Requested size: 377.24702pt x 250.92615pt.

<Images/StrokeProjection.png, id=253, 1182.66844pt x 427.5975pt>
File: Images/StrokeProjection.png Graphic file (type png)

<use Images/StrokeProjection.png>
Package pdftex.def Info: Images/StrokeProjection.png used on input line 21.
(pdftex.def)             Requested size: 377.24702pt x 136.39032pt.
 [51



] [52 <C:/Users/jd537/Documents/Thesis/test-repo/Thesis/Images/raytracediagram.
png> <C:/Users/jd537/Documents/Thesis/test-repo/Thesis/Images/StrokeProjection.
png>]
<Images/etos.png, id=262, 526.96875pt x 342.5297pt>
File: Images/etos.png Graphic file (type png)
 <use Images/etos.png>
Package pdftex.def Info: Images/etos.png used on input line 54.
(pdftex.def)             Requested size: 526.96745pt x 342.52885pt.

Overfull \hbox (107.80124pt too wide) in paragraph at lines 54--55
[][]
 []

[53] [54 <C:/Users/jd537/Documents/Thesis/test-repo/Thesis/Images/etos.png>]
[55] [56] [57] <Images/AABBray.png, id=280, 442.2924pt x 388.8126pt>
File: Images/AABBray.png Graphic file (type png)

<use Images/AABBray.png>
Package pdftex.def Info: Images/AABBray.png used on input line 166.
(pdftex.def)             Requested size: 442.29132pt x 388.81165pt.

Overfull \hbox (23.1251pt too wide) in paragraph at lines 166--167
[][]
 []

[58] [59 <C:/Users/jd537/Documents/Thesis/test-repo/Thesis/Images/AABBray.png>]
[60] <Images/sahbvh.png, id=291, 453.695pt x 349.305pt>
File: Images/sahbvh.png Graphic file (type png)

<use Images/sahbvh.png>
Package pdftex.def Info: Images/sahbvh.png used on input line 199.
(pdftex.def)             Requested size: 419.16621pt x 322.72363pt.
) [61 <C:/Users/jd537/Documents/Thesis/test-repo/Thesis/Images/sahbvh.png>]
(C:\Users\jd537\Documents\Thesis\test-repo\Thesis\drawinglines.tex
Chapter 6.
<Images/linesegment2.png, id=295, 1918.91907pt x 1148.03906pt>
File: Images/linesegment2.png Graphic file (type png)

<use Images/linesegment2.png>
Package pdftex.def Info: Images/linesegment2.png used on input line 16.
(pdftex.def)             Requested size: 419.16621pt x 250.76506pt.

Underfull \hbox (badness 5878) in paragraph at lines 17--17
[]\OT1/ppl/m/n/12 Two line seg-ments con-nected to-gether, as per de-fault
 []


Underfull \hbox (badness 1005) in paragraph at lines 23--27
[]\OT1/ppl/m/n/12 Additionally, OpenGL lines have in-con-sis-tent sup-port for 
anti-aliasing
 []

[62



] <Images/gllines.png, id=300, 555.57562pt x 278.54062pt>
File: Images/gllines.png Graphic file (type png)

<use Images/gllines.png>
Package pdftex.def Info: Images/gllines.png used on input line 29.
(pdftex.def)             Requested size: 419.16621pt x 210.1545pt.
 [63 <C:/Users/jd537/Documents/Thesis/test-repo/Thesis/Images/linesegment2.png>
] [64 <C:/Users/jd537/Documents/Thesis/test-repo/Thesis/Images/gllines.png>] <I
mages/miter.png, id=308, 613.0905pt x 452.1693pt>
File: Images/miter.png Graphic file (type png)

<use Images/miter.png>
Package pdftex.def Info: Images/miter.png used on input line 65.
(pdftex.def)             Requested size: 293.41507pt x 216.40404pt.
 <Images/bevel.png, id=309, 612.1269pt x 414.5889pt>
File: Images/bevel.png Graphic file (type png)

<use Images/bevel.png>
Package pdftex.def Info: Images/bevel.png used on input line 72.
(pdftex.def)             Requested size: 293.41507pt x 198.72205pt.

<Images/joinartifact.png, id=310, 402.00188pt x 124.96687pt>
File: Images/joinartifact.png Graphic file (type png)

<use Images/joinartifact.png>
Package pdftex.def Info: Images/joinartifact.png used on input line 78.
(pdftex.def)             Requested size: 419.16621pt x 130.3019pt.
 [65 <C:/Users/jd537/Documents/Thesis/test-repo/Thesis/Images/miter.png>] [66 <
C:/Users/jd537/Documents/Thesis/test-repo/Thesis/Images/bevel.png> <C:/Users/jd
537/Documents/Thesis/test-repo/Thesis/Images/joinartifact.png>] <Images/lineren
dering.png, id=319, 438.13687pt x 226.59656pt>
File: Images/linerendering.png Graphic file (type png)

<use Images/linerendering.png>
Package pdftex.def Info: Images/linerendering.png used on input line 99.
(pdftex.def)             Requested size: 438.13579pt x 226.596pt.

Overfull \hbox (18.96957pt too wide) in paragraph at lines 99--100
[][]
 []

<Images/lineadjacency.png, id=320, 612.1269pt x 340.3917pt>
File: Images/lineadjacency.png Graphic file (type png)

<use Images/lineadjacency.png>
Package pdftex.def Info: Images/lineadjacency.png used on input line 105.
(pdftex.def)             Requested size: 419.16621pt x 233.08899pt.

<Images/linepolyex.png, id=321, 614.0541pt x 397.2441pt>
File: Images/linepolyex.png Graphic file (type png)

<use Images/linepolyex.png>
Package pdftex.def Info: Images/linepolyex.png used on input line 110.
(pdftex.def)             Requested size: 419.16621pt x 271.17104pt.
 [67 <C:/Users/jd537/Documents/Thesis/test-repo/Thesis/Images/linerendering.png
>] [68 <C:/Users/jd537/Documents/Thesis/test-repo/Thesis/Images/lineadjacency.p
ng>] [69 <C:/Users/jd537/Documents/Thesis/test-repo/Thesis/Images/linepolyex.pn
g>]
<Images/rotation.png, id=334, 322.95656pt x 275.52937pt>
File: Images/rotation.png Graphic file (type png)

<use Images/rotation.png>
Package pdftex.def Info: Images/rotation.png used on input line 144.
(pdftex.def)             Requested size: 209.5831pt x 178.80608pt.
) [70 <C:/Users/jd537/Documents/Thesis/test-repo/Thesis/Images/rotation.png>] [
71]
Chapter 7.
[72


]
LaTeX Font Info:    Try loading font information for OT1+pcr on input line 77.
 ("C:\Program Files (x86)\MiKTeX 2.9\tex\latex\psnfss\ot1pcr.fd"
File: ot1pcr.fd 2001/06/04 font definitions for OT1/pcr.
)
Underfull \hbox (badness 4846) in paragraph at lines 78--78
[]\OT1/ppl/m/n/12 Seok-Hyung Bae, Ravin Bal-akr-ish-nan, and Karan Singh. ``Ev-
ery-
 []

Missing character: There is no Ã in font pplr7t!
Missing character: There is no ¨ in font pplr7t!
Missing character: There is no Ã in font pplr7t!
Missing character: There is no ¡ in font pplr7t!
Missing character: There is no Ã in font pplr7t!
Missing character: There is no ¶ in font pplr7t!
Missing character: There is no Ã in font pplr7t!
Missing character: There is no § in font pplr7t!
Missing character: There is no Ä in font pplr7t!
Missing character: There is no ± in font pplr7t!
Missing character: There is no Ä in font pplr7t!
Missing character: There is no Ÿ in font pplr7t!

Overfull \hbox (36.74304pt too wide) in paragraph at lines 78--78
[]\OT1/ppl/m/n/12 Sarah F. Frisken. \OT1/ppl/m/it/12 Mis-chief\OT1/ppl/m/n/12 .
 Made With Mis-chief. \OT1/ppl/m/sc/12 url\OT1/ppl/m/n/12 : $\OT1/pcr/m/n/12 ww
w . madewithmischief .$
 []

[73

]
Underfull \hbox (badness 1005) in paragraph at lines 78--78
$\OT1/pcr/m/n/12 printcnx . com / resources -[] and -[] support / addiational -
[]$
 []

[74] (C:\Users\jd537\Documents\Thesis\test-repo\Thesis\main.aux
(C:\Users\jd537\Documents\Thesis\test-repo\Thesis\superfluouscrap.aux)
(C:\Users\jd537\Documents\Thesis\test-repo\Thesis\introduction.aux)
(C:\Users\jd537\Documents\Thesis\test-repo\Thesis\relatedwork.aux)
(C:\Users\jd537\Documents\Thesis\test-repo\Thesis\inputcontent.aux)
(C:\Users\jd537\Documents\Thesis\test-repo\Thesis\creatingstrokes.aux)
(C:\Users\jd537\Documents\Thesis\test-repo\Thesis\sketchingin3d.aux)
(C:\Users\jd537\Documents\Thesis\test-repo\Thesis\drawinglines.aux))
Package logreq Info: Writing requests to 'main.run.xml'.
 ) 
Here is how much of TeX's memory you used:
 15808 strings out of 493921
 269201 string characters out of 3144877
 567407 words of memory out of 3000000
 18753 multiletter control sequences out of 15000+200000
 36300 words of font info for 85 fonts, out of 3000000 for 9000
 841 hyphenation exceptions out of 8191
 39i,15n,49p,821b,1144s stack positions out of 5000i,500n,10000p,200000b,50000s
{C:/Program Files (x86)/MiKTeX 2.9/fonts/enc/dvips/fontname/8r.enc}<C:/Progra
m Files (x86)/MiKTeX 2.9/fonts/type1/public/amsfonts/cm/cmmi12.pfb><C:/Program 
Files (x86)/MiKTeX 2.9/fonts/type1/public/amsfonts/cm/cmsy10.pfb><C:/Program Fi
les (x86)/MiKTeX 2.9/fonts/type1/public/txfonts/rtxmi.pfb><C:/Program Files (x8
6)/MiKTeX 2.9/fonts/type1/public/txfonts/rtxr.pfb><C:/Program Files (x86)/MiKTe
X 2.9/fonts/type1/public/txfonts/txex.pfb><C:/Program Files (x86)/MiKTeX 2.9/fo
nts/type1/public/txfonts/txsy.pfb><C:/Program Files (x86)/MiKTeX 2.9/fonts/type
1/urw/courier/ucrr8a.pfb><C:/Program Files (x86)/MiKTeX 2.9/fonts/type1/urw/pal
atino/uplb8a.pfb><C:/Program Files (x86)/MiKTeX 2.9/fonts/type1/urw/palatino/up
lr8a.pfb><C:/Program Files (x86)/MiKTeX 2.9/fonts/type1/urw/palatino/uplri8a.pf
b><C:/Program Files (x86)/MiKTeX 2.9/fonts/type1/urw/times/utmb8a.pfb><C:/Progr
am Files (x86)/MiKTeX 2.9/fonts/type1/urw/times/utmr8a.pfb><C:/Program Files (x
86)/MiKTeX 2.9/fonts/type1/urw/times/utmri8a.pfb>
Output written on main.pdf (85 pages, 6108301 bytes).
PDF statistics:
 397 PDF objects out of 1000 (max. 8388607)
 0 named destinations out of 1000 (max. 500000)
 221 words of extra memory for PDF output out of 10000 (max. 10000000)

